Release 14.7 Map P.20131013 (lin64)
Xilinx Mapping Report File for Design 'main_controller'

Design Information
------------------
Command Line   : map -intstyle ise -p xa7a100t-csg324-2I -w -logic_opt off -ol
high -t 1 -xt 0 -register_duplication off -r 4 -mt off -ir off -pr off -lc off
-power off -o main_controller_map.ncd main_controller.ngd main_controller.pcf 
Target Device  : xa7a100t
Target Package : csg324
Target Speed   : -2i
Mapper Version : aartix7 -- $Revision: 1.55 $
Mapped Date    : Tue Mar 29 20:51:35 2016

Design Summary
--------------
Number of errors:      0
Number of warnings:   44
Slice Logic Utilization:
  Number of Slice Registers:                    33 out of 126,800    1%
    Number used as Flip Flops:                  33
    Number used as Latches:                      0
    Number used as Latch-thrus:                  0
    Number used as AND/OR logics:                0
  Number of Slice LUTs:                         41 out of  63,400    1%
    Number used as logic:                       41 out of  63,400    1%
      Number using O6 output only:              29
      Number using O5 output only:               0
      Number using O5 and O6:                   12
      Number used as ROM:                        0
    Number used as Memory:                       0 out of  19,000    0%
    Number used exclusively as route-thrus:      0

Slice Logic Distribution:
  Number of occupied Slices:                    24 out of  15,850    1%
  Number of LUT Flip Flop pairs used:           52
    Number with an unused Flip Flop:            22 out of      52   42%
    Number with an unused LUT:                  11 out of      52   21%
    Number of fully used LUT-FF pairs:          19 out of      52   36%
    Number of unique control sets:               7
    Number of slice register sites lost
      to control set restrictions:              39 out of 126,800    1%

  A LUT Flip Flop pair for this architecture represents one LUT paired with
  one Flip Flop within a slice.  A control set is a unique combination of
  clock, reset, set, and enable signals for a registered element.
  The Slice Logic Distribution report is not meaningful if the design is
  over-mapped for a non-slice resource or if Placement fails.
  OVERMAPPING of BRAM resources should be ignored if the design is
  over-mapped for a non-BRAM resource or if placement fails.

IO Utilization:
  Number of bonded IOBs:                        33 out of     210   15%
    IOB Flip Flops:                              1

Specific Feature Utilization:
  Number of RAMB36E1/FIFO36E1s:                  0 out of     135    0%
  Number of RAMB18E1/FIFO18E1s:                  0 out of     270    0%
  Number of BUFG/BUFGCTRLs:                      1 out of      32    3%
    Number used as BUFGs:                        1
    Number used as BUFGCTRLs:                    0
  Number of IDELAYE2/IDELAYE2_FINEDELAYs:        0 out of     300    0%
  Number of ILOGICE2/ILOGICE3/ISERDESE2s:        0 out of     300    0%
  Number of ODELAYE2/ODELAYE2_FINEDELAYs:        0
  Number of OLOGICE2/OLOGICE3/OSERDESE2s:        1 out of     300    1%
    Number used as OLOGICE2s:                    1
    Number used as OLOGICE3s:                    0
    Number used as OSERDESE2s:                   0
  Number of PHASER_IN/PHASER_IN_PHYs:            0 out of      24    0%
  Number of PHASER_OUT/PHASER_OUT_PHYs:          0 out of      24    0%
  Number of BSCANs:                              0 out of       4    0%
  Number of BUFHCEs:                             0 out of      96    0%
  Number of BUFRs:                               0 out of      24    0%
  Number of CAPTUREs:                            0 out of       1    0%
  Number of DNA_PORTs:                           0 out of       1    0%
  Number of DSP48E1s:                            0 out of     240    0%
  Number of EFUSE_USRs:                          0 out of       1    0%
  Number of FRAME_ECCs:                          0 out of       1    0%
  Number of IBUFDS_GTE2s:                        0 out of       4    0%
  Number of ICAPs:                               0 out of       2    0%
  Number of IDELAYCTRLs:                         0 out of       6    0%
  Number of IN_FIFOs:                            0 out of      24    0%
  Number of MMCME2_ADVs:                         0 out of       6    0%
  Number of OUT_FIFOs:                           0 out of      24    0%
  Number of PCIE_2_1s:                           0 out of       1    0%
  Number of PHASER_REFs:                         0 out of       6    0%
  Number of PHY_CONTROLs:                        0 out of       6    0%
  Number of PLLE2_ADVs:                          0 out of       6    0%
  Number of STARTUPs:                            0 out of       1    0%
  Number of XADCs:                               0 out of       1    0%

Average Fanout of Non-Clock Nets:                3.40

Peak Memory Usage:  1229 MB
Total REAL time to MAP completion:  32 secs 
Total CPU time to MAP completion:   28 secs 

Table of Contents
-----------------
Section 1 - Errors
Section 2 - Warnings
Section 3 - Informational
Section 4 - Removed Logic Summary
Section 5 - Removed Logic
Section 6 - IOB Properties
Section 7 - RPMs
Section 8 - Guide Report
Section 9 - Area Group and Partition Summary
Section 10 - Timing Report
Section 11 - Configuration String Information
Section 12 - Control Set Information
Section 13 - Utilization by Hierarchy

Section 1 - Errors
------------------

Section 2 - Warnings
--------------------
WARNING:LIT:701 - PAD symbol "clk" has an undefined IOSTANDARD.
WARNING:LIT:702 - PAD symbol "clk" is not constrained (LOC) to a specific
   location.
WARNING:MapLib:701 - Signal weight<8> connected to top level port weight<8> has
   been removed.
WARNING:MapLib:701 - Signal weight<7> connected to top level port weight<7> has
   been removed.
WARNING:MapLib:701 - Signal weight<6> connected to top level port weight<6> has
   been removed.
WARNING:MapLib:701 - Signal weight<5> connected to top level port weight<5> has
   been removed.
WARNING:MapLib:701 - Signal weight<4> connected to top level port weight<4> has
   been removed.
WARNING:MapLib:701 - Signal weight<3> connected to top level port weight<3> has
   been removed.
WARNING:MapLib:701 - Signal weight<2> connected to top level port weight<2> has
   been removed.
WARNING:MapLib:701 - Signal weight<1> connected to top level port weight<1> has
   been removed.
WARNING:MapLib:701 - Signal weight<0> connected to top level port weight<0> has
   been removed.
WARNING:PhysDesignRules:2452 - The IOB req<0> is either not constrained (LOC) to
   a specific location and/or has an undefined I/O Standard (IOSTANDARD). This
   condition may seriously affect the device and will be an error in bitstream
   creation. It should be corrected by properly specifying the pin location and
   I/O Standard.
WARNING:PhysDesignRules:2452 - The IOB req<1> is either not constrained (LOC) to
   a specific location and/or has an undefined I/O Standard (IOSTANDARD). This
   condition may seriously affect the device and will be an error in bitstream
   creation. It should be corrected by properly specifying the pin location and
   I/O Standard.
WARNING:PhysDesignRules:2452 - The IOB req<2> is either not constrained (LOC) to
   a specific location and/or has an undefined I/O Standard (IOSTANDARD). This
   condition may seriously affect the device and will be an error in bitstream
   creation. It should be corrected by properly specifying the pin location and
   I/O Standard.
WARNING:PhysDesignRules:2452 - The IOB req<3> is either not constrained (LOC) to
   a specific location and/or has an undefined I/O Standard (IOSTANDARD). This
   condition may seriously affect the device and will be an error in bitstream
   creation. It should be corrected by properly specifying the pin location and
   I/O Standard.
WARNING:PhysDesignRules:2452 - The IOB req<4> is either not constrained (LOC) to
   a specific location and/or has an undefined I/O Standard (IOSTANDARD). This
   condition may seriously affect the device and will be an error in bitstream
   creation. It should be corrected by properly specifying the pin location and
   I/O Standard.
WARNING:PhysDesignRules:2452 - The IOB req<5> is either not constrained (LOC) to
   a specific location and/or has an undefined I/O Standard (IOSTANDARD). This
   condition may seriously affect the device and will be an error in bitstream
   creation. It should be corrected by properly specifying the pin location and
   I/O Standard.
WARNING:PhysDesignRules:2452 - The IOB clk is either not constrained (LOC) to a
   specific location and/or has an undefined I/O Standard (IOSTANDARD). This
   condition may seriously affect the device and will be an error in bitstream
   creation. It should be corrected by properly specifying the pin location and
   I/O Standard.
WARNING:PhysDesignRules:2452 - The IOB req<6> is either not constrained (LOC) to
   a specific location and/or has an undefined I/O Standard (IOSTANDARD). This
   condition may seriously affect the device and will be an error in bitstream
   creation. It should be corrected by properly specifying the pin location and
   I/O Standard.
WARNING:PhysDesignRules:2452 - The IOB req<7> is either not constrained (LOC) to
   a specific location and/or has an undefined I/O Standard (IOSTANDARD). This
   condition may seriously affect the device and will be an error in bitstream
   creation. It should be corrected by properly specifying the pin location and
   I/O Standard.
WARNING:PhysDesignRules:2452 - The IOB req<8> is either not constrained (LOC) to
   a specific location and/or has an undefined I/O Standard (IOSTANDARD). This
   condition may seriously affect the device and will be an error in bitstream
   creation. It should be corrected by properly specifying the pin location and
   I/O Standard.
WARNING:PhysDesignRules:2452 - The IOB req<9> is either not constrained (LOC) to
   a specific location and/or has an undefined I/O Standard (IOSTANDARD). This
   condition may seriously affect the device and will be an error in bitstream
   creation. It should be corrected by properly specifying the pin location and
   I/O Standard.
WARNING:PhysDesignRules:2452 - The IOB currDir<0> is either not constrained
   (LOC) to a specific location and/or has an undefined I/O Standard
   (IOSTANDARD). This condition may seriously affect the device and will be an
   error in bitstream creation. It should be corrected by properly specifying
   the pin location and I/O Standard.
WARNING:PhysDesignRules:2452 - The IOB currDir<1> is either not constrained
   (LOC) to a specific location and/or has an undefined I/O Standard
   (IOSTANDARD). This condition may seriously affect the device and will be an
   error in bitstream creation. It should be corrected by properly specifying
   the pin location and I/O Standard.
WARNING:PhysDesignRules:2452 - The IOB energy<0> is either not constrained (LOC)
   to a specific location and/or has an undefined I/O Standard (IOSTANDARD).
   This condition may seriously affect the device and will be an error in
   bitstream creation. It should be corrected by properly specifying the pin
   location and I/O Standard.
WARNING:PhysDesignRules:2452 - The IOB energy<1> is either not constrained (LOC)
   to a specific location and/or has an undefined I/O Standard (IOSTANDARD).
   This condition may seriously affect the device and will be an error in
   bitstream creation. It should be corrected by properly specifying the pin
   location and I/O Standard.
WARNING:PhysDesignRules:2452 - The IOB currFloor<0> is either not constrained
   (LOC) to a specific location and/or has an undefined I/O Standard
   (IOSTANDARD). This condition may seriously affect the device and will be an
   error in bitstream creation. It should be corrected by properly specifying
   the pin location and I/O Standard.
WARNING:PhysDesignRules:2452 - The IOB req<10> is either not constrained (LOC)
   to a specific location and/or has an undefined I/O Standard (IOSTANDARD).
   This condition may seriously affect the device and will be an error in
   bitstream creation. It should be corrected by properly specifying the pin
   location and I/O Standard.
WARNING:PhysDesignRules:2452 - The IOB energy<2> is either not constrained (LOC)
   to a specific location and/or has an undefined I/O Standard (IOSTANDARD).
   This condition may seriously affect the device and will be an error in
   bitstream creation. It should be corrected by properly specifying the pin
   location and I/O Standard.
WARNING:PhysDesignRules:2452 - The IOB currFloor<1> is either not constrained
   (LOC) to a specific location and/or has an undefined I/O Standard
   (IOSTANDARD). This condition may seriously affect the device and will be an
   error in bitstream creation. It should be corrected by properly specifying
   the pin location and I/O Standard.
WARNING:PhysDesignRules:2452 - The IOB req<11> is either not constrained (LOC)
   to a specific location and/or has an undefined I/O Standard (IOSTANDARD).
   This condition may seriously affect the device and will be an error in
   bitstream creation. It should be corrected by properly specifying the pin
   location and I/O Standard.
WARNING:PhysDesignRules:2452 - The IOB energy<3> is either not constrained (LOC)
   to a specific location and/or has an undefined I/O Standard (IOSTANDARD).
   This condition may seriously affect the device and will be an error in
   bitstream creation. It should be corrected by properly specifying the pin
   location and I/O Standard.
WARNING:PhysDesignRules:2452 - The IOB currFloor<2> is either not constrained
   (LOC) to a specific location and/or has an undefined I/O Standard
   (IOSTANDARD). This condition may seriously affect the device and will be an
   error in bitstream creation. It should be corrected by properly specifying
   the pin location and I/O Standard.
WARNING:PhysDesignRules:2452 - The IOB req<12> is either not constrained (LOC)
   to a specific location and/or has an undefined I/O Standard (IOSTANDARD).
   This condition may seriously affect the device and will be an error in
   bitstream creation. It should be corrected by properly specifying the pin
   location and I/O Standard.
WARNING:PhysDesignRules:2452 - The IOB energy<4> is either not constrained (LOC)
   to a specific location and/or has an undefined I/O Standard (IOSTANDARD).
   This condition may seriously affect the device and will be an error in
   bitstream creation. It should be corrected by properly specifying the pin
   location and I/O Standard.
WARNING:PhysDesignRules:2452 - The IOB energy<5> is either not constrained (LOC)
   to a specific location and/or has an undefined I/O Standard (IOSTANDARD).
   This condition may seriously affect the device and will be an error in
   bitstream creation. It should be corrected by properly specifying the pin
   location and I/O Standard.
WARNING:PhysDesignRules:2452 - The IOB energy<6> is either not constrained (LOC)
   to a specific location and/or has an undefined I/O Standard (IOSTANDARD).
   This condition may seriously affect the device and will be an error in
   bitstream creation. It should be corrected by properly specifying the pin
   location and I/O Standard.
WARNING:PhysDesignRules:2452 - The IOB energy<7> is either not constrained (LOC)
   to a specific location and/or has an undefined I/O Standard (IOSTANDARD).
   This condition may seriously affect the device and will be an error in
   bitstream creation. It should be corrected by properly specifying the pin
   location and I/O Standard.
WARNING:PhysDesignRules:2452 - The IOB energy<8> is either not constrained (LOC)
   to a specific location and/or has an undefined I/O Standard (IOSTANDARD).
   This condition may seriously affect the device and will be an error in
   bitstream creation. It should be corrected by properly specifying the pin
   location and I/O Standard.
WARNING:PhysDesignRules:2452 - The IOB energy<9> is either not constrained (LOC)
   to a specific location and/or has an undefined I/O Standard (IOSTANDARD).
   This condition may seriously affect the device and will be an error in
   bitstream creation. It should be corrected by properly specifying the pin
   location and I/O Standard.
WARNING:PhysDesignRules:2452 - The IOB motorUp is either not constrained (LOC)
   to a specific location and/or has an undefined I/O Standard (IOSTANDARD).
   This condition may seriously affect the device and will be an error in
   bitstream creation. It should be corrected by properly specifying the pin
   location and I/O Standard.
WARNING:PhysDesignRules:2452 - The IOB reset is either not constrained (LOC) to
   a specific location and/or has an undefined I/O Standard (IOSTANDARD). This
   condition may seriously affect the device and will be an error in bitstream
   creation. It should be corrected by properly specifying the pin location and
   I/O Standard.
WARNING:PhysDesignRules:2452 - The IOB fireAlarm is either not constrained (LOC)
   to a specific location and/or has an undefined I/O Standard (IOSTANDARD).
   This condition may seriously affect the device and will be an error in
   bitstream creation. It should be corrected by properly specifying the pin
   location and I/O Standard.
WARNING:PhysDesignRules:2452 - The IOB motorDown is either not constrained (LOC)
   to a specific location and/or has an undefined I/O Standard (IOSTANDARD).
   This condition may seriously affect the device and will be an error in
   bitstream creation. It should be corrected by properly specifying the pin
   location and I/O Standard.

Section 3 - Informational
-------------------------
INFO:LIT:243 - Logical network floor_sensor<9> has no load.
INFO:LIT:395 - The above info message is repeated 23 more times for the
   following (max. 5 shown):
   floor_sensor<8>,
   floor_sensor<7>,
   floor_sensor<6>,
   floor_sensor<5>,
   floor_sensor<4>
   To see the details of these info messages, please use the -detail switch.
INFO:LIT:244 - All of the single ended outputs in this design are using slew
   rate limited output drivers. The delay on speed critical single ended outputs
   can be dramatically reduced by designating them as fast outputs.
INFO:Pack:1716 - Initializing temperature to 100.000 Celsius. (default - Range:
   -40.000 to 100.000 Celsius)
INFO:Pack:1720 - Initializing voltage to 0.950 Volts. (default - Range: 0.950 to
   1.050 Volts)
INFO:Map:215 - The Interim Design Summary has been generated in the MAP Report
   (.mrp).
INFO:Pack:1650 - Map created a placed design.

Section 4 - Removed Logic Summary
---------------------------------
 178 block(s) removed
   2 block(s) optimized away
 189 signal(s) removed

Section 5 - Removed Logic
-------------------------

The trimmed logic report below shows the logic removed from your design due to
sourceless or loadless signals, and VCC or ground connections.  If the removal
of a signal or symbol results in the subsequent removal of an additional signal
or symbol, the message explaining that second removal will be indented.  This
indentation will be repeated as a chain of related logic is removed.

To quickly locate the original cause for the removal of a chain of logic, look
above the place where that logic is listed in the trimming report, then locate
the lines that are least indented (begin at the leftmost edge).

The signal "Memory1/Memory_FiFo/dout<11>" is sourceless and has been removed.
The signal "Memory1/Memory_FiFo/dout<10>" is sourceless and has been removed.
The signal "Memory1/Memory_FiFo/dout<9>" is sourceless and has been removed.
The signal "Memory1/Memory_FiFo/dout<8>" is sourceless and has been removed.
The signal "Memory1/Memory_FiFo/dout<7>" is sourceless and has been removed.
The signal "Memory1/Memory_FiFo/dout<6>" is sourceless and has been removed.
The signal "Memory1/Memory_FiFo/dout<5>" is sourceless and has been removed.
The signal "Memory1/Memory_FiFo/dout<4>" is sourceless and has been removed.
The signal "Memory1/Memory_FiFo/dout<3>" is sourceless and has been removed.
The signal "Memory1/Memory_FiFo/dout<2>" is sourceless and has been removed.
The signal "Memory1/Memory_FiFo/dout<1>" is sourceless and has been removed.
The signal "Memory1/Memory_FiFo/dout<0>" is sourceless and has been removed.
The signal
"Memory1/Memory_FiFo/U0/xst_fifo_generator/gconvfifo.rf/grf.rf/gntv_or_sync_fifo
.gl0.wr/gwss.wsts/ram_full_i" is sourceless and has been removed.
The signal
"Memory1/Memory_FiFo/U0/xst_fifo_generator/gconvfifo.rf/grf.rf/gntv_or_sync_fifo
.gl0.wr/gwss.wsts/ram_afull_i" is sourceless and has been removed.
 Sourceless block
"Memory1/Memory_FiFo/U0/xst_fifo_generator/gconvfifo.rf/grf.rf/gntv_or_sync_fifo
.gl0.wr/gwss.wsts/gaf.going_afull_gaf.leaving_afull_OR_10_o1" (ROM) removed.
  The signal
"Memory1/Memory_FiFo/U0/xst_fifo_generator/gconvfifo.rf/grf.rf/gntv_or_sync_fifo
.gl0.wr/gwss.wsts/gaf.going_afull_gaf.leaving_afull_OR_10_o" is sourceless and
has been removed.
   Sourceless block
"Memory1/Memory_FiFo/U0/xst_fifo_generator/gconvfifo.rf/grf.rf/gntv_or_sync_fifo
.gl0.wr/gwss.wsts/ram_afull_i" (FF) removed.
The signal
"Memory1/Memory_FiFo/U0/xst_fifo_generator/gconvfifo.rf/grf.rf/gntv_or_sync_fifo
.gl0.rd/grss.rsts/ram_empty_i" is sourceless and has been removed.
The signal "Memory1/Memory_FiFo/N0" is sourceless and has been removed.
 Sourceless block
"Memory1/Memory_FiFo/U0/xst_fifo_generator/gconvfifo.rf/grf.rf/gntv_or_sync_fifo
.gl0.rd/grss.rsts/c1/gmux.gm[0].gm1.m1" (MUX) removed.
  The signal
"Memory1/Memory_FiFo/U0/xst_fifo_generator/gconvfifo.rf/grf.rf/gntv_or_sync_fifo
.gl0.rd/grss.rsts/c1/gmux.carrynet<0>" is sourceless and has been removed.
   Sourceless block
"Memory1/Memory_FiFo/U0/xst_fifo_generator/gconvfifo.rf/grf.rf/gntv_or_sync_fifo
.gl0.rd/grss.rsts/c1/gmux.gm[1].gms.ms" (MUX) removed.
    The signal
"Memory1/Memory_FiFo/U0/xst_fifo_generator/gconvfifo.rf/grf.rf/gntv_or_sync_fifo
.gl0.rd/grss.rsts/c1/gmux.carrynet<1>" is sourceless and has been removed.
     Sourceless block
"Memory1/Memory_FiFo/U0/xst_fifo_generator/gconvfifo.rf/grf.rf/gntv_or_sync_fifo
.gl0.rd/grss.rsts/c1/gmux.gm[2].gms.ms" (MUX) removed.
      The signal
"Memory1/Memory_FiFo/U0/xst_fifo_generator/gconvfifo.rf/grf.rf/gntv_or_sync_fifo
.gl0.rd/grss.rsts/c1/gmux.carrynet<2>" is sourceless and has been removed.
       Sourceless block
"Memory1/Memory_FiFo/U0/xst_fifo_generator/gconvfifo.rf/grf.rf/gntv_or_sync_fifo
.gl0.rd/grss.rsts/c1/gmux.gm[3].gms.ms" (MUX) removed.
        The signal
"Memory1/Memory_FiFo/U0/xst_fifo_generator/gconvfifo.rf/grf.rf/gntv_or_sync_fifo
.gl0.rd/grss.rsts/c1/gmux.carrynet<3>" is sourceless and has been removed.
         Sourceless block
"Memory1/Memory_FiFo/U0/xst_fifo_generator/gconvfifo.rf/grf.rf/gntv_or_sync_fifo
.gl0.rd/grss.rsts/c1/gmux.gm[4].gms.ms" (MUX) removed.
          The signal
"Memory1/Memory_FiFo/U0/xst_fifo_generator/gconvfifo.rf/grf.rf/gntv_or_sync_fifo
.gl0.rd/grss.rsts/comp0" is sourceless and has been removed.
           Sourceless block
"Memory1/Memory_FiFo/U0/xst_fifo_generator/gconvfifo.rf/grf.rf/gntv_or_sync_fifo
.gl0.rd/grss.rsts/going_empty_leaving_empty_OR_6_o1" (ROM) removed.
            The signal
"Memory1/Memory_FiFo/U0/xst_fifo_generator/gconvfifo.rf/grf.rf/gntv_or_sync_fifo
.gl0.rd/grss.rsts/going_empty_leaving_empty_OR_6_o" is sourceless and has been
removed.
             Sourceless block
"Memory1/Memory_FiFo/U0/xst_fifo_generator/gconvfifo.rf/grf.rf/gntv_or_sync_fifo
.gl0.rd/grss.rsts/ram_empty_i" (FF) removed.
             Sourceless block
"Memory1/Memory_FiFo/U0/xst_fifo_generator/gconvfifo.rf/grf.rf/gntv_or_sync_fifo
.gl0.rd/grss.rsts/ram_empty_fb_i" (FF) removed.
              The signal
"Memory1/Memory_FiFo/U0/xst_fifo_generator/gconvfifo.rf/grf.rf/gntv_or_sync_fifo
.gl0.rd/grss.rsts/ram_empty_fb_i" is sourceless and has been removed.
               Sourceless block
"Memory1/Memory_FiFo/U0/xst_fifo_generator/gconvfifo.rf/grf.rf/gntv_or_sync_fifo
.gl0.rd/ram_rd_en_i1" (ROM) removed.
                The signal
"Memory1/Memory_FiFo/U0/xst_fifo_generator/gconvfifo.rf/grf.rf/ram_rd_en" is
sourceless and has been removed.
                 Sourceless block
"Memory1/Memory_FiFo/U0/xst_fifo_generator/gconvfifo.rf/grf.rf/gntv_or_sync_fifo
.gl0.rd/rpntr/gc0.count_d1_9" (FF) removed.
                  The signal
"Memory1/Memory_FiFo/U0/xst_fifo_generator/gconvfifo.rf/grf.rf/gntv_or_sync_fifo
.gl0.rd/rpntr/gc0.count_d1<9>" is sourceless and has been removed.
                   Sourceless block
"Memory1/Memory_FiFo/U0/xst_fifo_generator/gconvfifo.rf/grf.rf/gntv_or_sync_fifo
.gl0.rd/grss.rsts/c1/v1<4>1" (ROM) removed.
                    The signal
"Memory1/Memory_FiFo/U0/xst_fifo_generator/gconvfifo.rf/grf.rf/gntv_or_sync_fifo
.gl0.rd/grss.rsts/c1/v1<4>" is sourceless and has been removed.
                   Sourceless block
"Memory1/Memory_FiFo/U0/xst_fifo_generator/gconvfifo.rf/grf.rf/gntv_or_sync_fifo
.gl0.wr/gwss.wsts/c0/v1<4>1" (ROM) removed.
                    The signal
"Memory1/Memory_FiFo/U0/xst_fifo_generator/gconvfifo.rf/grf.rf/gntv_or_sync_fifo
.gl0.wr/gwss.wsts/c0/v1<4>" is sourceless and has been removed.
                     Sourceless block
"Memory1/Memory_FiFo/U0/xst_fifo_generator/gconvfifo.rf/grf.rf/gntv_or_sync_fifo
.gl0.wr/gwss.wsts/c0/gmux.gm[4].gms.ms" (MUX) removed.
                      The signal
"Memory1/Memory_FiFo/U0/xst_fifo_generator/gconvfifo.rf/grf.rf/gntv_or_sync_fifo
.gl0.wr/gwss.wsts/comp0" is sourceless and has been removed.
                       Sourceless block
"Memory1/Memory_FiFo/U0/xst_fifo_generator/gconvfifo.rf/grf.rf/gntv_or_sync_fifo
.gl0.wr/gwss.wsts/ram_full_comb1" (ROM) removed.
                        The signal
"Memory1/Memory_FiFo/U0/xst_fifo_generator/gconvfifo.rf/grf.rf/gntv_or_sync_fifo
.gl0.wr/gwss.wsts/ram_full_comb" is sourceless and has been removed.
                         Sourceless block
"Memory1/Memory_FiFo/U0/xst_fifo_generator/gconvfifo.rf/grf.rf/gntv_or_sync_fifo
.gl0.wr/gwss.wsts/ram_full_fb_i" (FF) removed.
                          The signal
"Memory1/Memory_FiFo/U0/xst_fifo_generator/gconvfifo.rf/grf.rf/gntv_or_sync_fifo
.gl0.wr/gwss.wsts/ram_full_fb_i" is sourceless and has been removed.
                           Sourceless block
"Memory1/Memory_FiFo/U0/xst_fifo_generator/gconvfifo.rf/grf.rf/gntv_or_sync_fifo
.gl0.wr/ram_wr_en_i1" (ROM) removed.
                            The signal
"Memory1/Memory_FiFo/U0/xst_fifo_generator/gconvfifo.rf/grf.rf/ram_wr_en" is
sourceless and has been removed.
                             Sourceless block
"Memory1/Memory_FiFo/U0/xst_fifo_generator/gconvfifo.rf/grf.rf/gntv_or_sync_fifo
.gl0.wr/wpntr/gcc0.gc1.count_d2_9" (FF) removed.
                              The signal
"Memory1/Memory_FiFo/U0/xst_fifo_generator/gconvfifo.rf/grf.rf/gntv_or_sync_fifo
.gl0.wr/wpntr/gcc0.gc1.count_d2<9>" is sourceless and has been removed.
                               Sourceless block
"Memory1/Memory_FiFo/U0/xst_fifo_generator/gconvfifo.rf/grf.rf/gntv_or_sync_fifo
.gl0.rd/grss.rsts/c2/v1<4>1" (ROM) removed.
                                The signal
"Memory1/Memory_FiFo/U0/xst_fifo_generator/gconvfifo.rf/grf.rf/gntv_or_sync_fifo
.gl0.rd/grss.rsts/c2/v1<4>" is sourceless and has been removed.
                                 Sourceless block
"Memory1/Memory_FiFo/U0/xst_fifo_generator/gconvfifo.rf/grf.rf/gntv_or_sync_fifo
.gl0.rd/grss.rsts/c2/gmux.gm[4].gms.ms" (MUX) removed.
                                  The signal
"Memory1/Memory_FiFo/U0/xst_fifo_generator/gconvfifo.rf/grf.rf/gntv_or_sync_fifo
.gl0.rd/grss.rsts/comp1" is sourceless and has been removed.
                             Sourceless block
"Memory1/Memory_FiFo/U0/xst_fifo_generator/gconvfifo.rf/grf.rf/gntv_or_sync_fifo
.gl0.wr/wpntr/gcc0.gc1.count_d2_8" (FF) removed.
                              The signal
"Memory1/Memory_FiFo/U0/xst_fifo_generator/gconvfifo.rf/grf.rf/gntv_or_sync_fifo
.gl0.wr/wpntr/gcc0.gc1.count_d2<8>" is sourceless and has been removed.
                             Sourceless block
"Memory1/Memory_FiFo/U0/xst_fifo_generator/gconvfifo.rf/grf.rf/gntv_or_sync_fifo
.gl0.wr/wpntr/gcc0.gc1.count_d2_7" (FF) removed.
                              The signal
"Memory1/Memory_FiFo/U0/xst_fifo_generator/gconvfifo.rf/grf.rf/gntv_or_sync_fifo
.gl0.wr/wpntr/gcc0.gc1.count_d2<7>" is sourceless and has been removed.
                               Sourceless block
"Memory1/Memory_FiFo/U0/xst_fifo_generator/gconvfifo.rf/grf.rf/gntv_or_sync_fifo
.gl0.rd/grss.rsts/c1/v1<3>1" (ROM) removed.
                                The signal
"Memory1/Memory_FiFo/U0/xst_fifo_generator/gconvfifo.rf/grf.rf/gntv_or_sync_fifo
.gl0.rd/grss.rsts/c1/v1<3>" is sourceless and has been removed.
                               Sourceless block
"Memory1/Memory_FiFo/U0/xst_fifo_generator/gconvfifo.rf/grf.rf/gntv_or_sync_fifo
.gl0.rd/grss.rsts/c2/v1<3>1" (ROM) removed.
                                The signal
"Memory1/Memory_FiFo/U0/xst_fifo_generator/gconvfifo.rf/grf.rf/gntv_or_sync_fifo
.gl0.rd/grss.rsts/c2/v1<3>" is sourceless and has been removed.
                                 Sourceless block
"Memory1/Memory_FiFo/U0/xst_fifo_generator/gconvfifo.rf/grf.rf/gntv_or_sync_fifo
.gl0.rd/grss.rsts/c2/gmux.gm[3].gms.ms" (MUX) removed.
                                  The signal
"Memory1/Memory_FiFo/U0/xst_fifo_generator/gconvfifo.rf/grf.rf/gntv_or_sync_fifo
.gl0.rd/grss.rsts/c2/gmux.carrynet<3>" is sourceless and has been removed.
                               Sourceless block
"Memory1/Memory_FiFo/U0/xst_fifo_generator/gconvfifo.rf/grf.rf/gntv_or_sync_fifo
.gl0.wr/gwss.wsts/c0/v1<3>1" (ROM) removed.
                                The signal
"Memory1/Memory_FiFo/U0/xst_fifo_generator/gconvfifo.rf/grf.rf/gntv_or_sync_fifo
.gl0.wr/gwss.wsts/c0/v1<3>" is sourceless and has been removed.
                                 Sourceless block
"Memory1/Memory_FiFo/U0/xst_fifo_generator/gconvfifo.rf/grf.rf/gntv_or_sync_fifo
.gl0.wr/gwss.wsts/c0/gmux.gm[3].gms.ms" (MUX) removed.
                                  The signal
"Memory1/Memory_FiFo/U0/xst_fifo_generator/gconvfifo.rf/grf.rf/gntv_or_sync_fifo
.gl0.wr/gwss.wsts/c0/gmux.carrynet<3>" is sourceless and has been removed.
                             Sourceless block
"Memory1/Memory_FiFo/U0/xst_fifo_generator/gconvfifo.rf/grf.rf/gntv_or_sync_fifo
.gl0.wr/wpntr/gcc0.gc1.count_d2_6" (FF) removed.
                              The signal
"Memory1/Memory_FiFo/U0/xst_fifo_generator/gconvfifo.rf/grf.rf/gntv_or_sync_fifo
.gl0.wr/wpntr/gcc0.gc1.count_d2<6>" is sourceless and has been removed.
                             Sourceless block
"Memory1/Memory_FiFo/U0/xst_fifo_generator/gconvfifo.rf/grf.rf/gntv_or_sync_fifo
.gl0.wr/wpntr/gcc0.gc1.count_d2_5" (FF) removed.
                              The signal
"Memory1/Memory_FiFo/U0/xst_fifo_generator/gconvfifo.rf/grf.rf/gntv_or_sync_fifo
.gl0.wr/wpntr/gcc0.gc1.count_d2<5>" is sourceless and has been removed.
                               Sourceless block
"Memory1/Memory_FiFo/U0/xst_fifo_generator/gconvfifo.rf/grf.rf/gntv_or_sync_fifo
.gl0.rd/grss.rsts/c1/v1<2>1" (ROM) removed.
                                The signal
"Memory1/Memory_FiFo/U0/xst_fifo_generator/gconvfifo.rf/grf.rf/gntv_or_sync_fifo
.gl0.rd/grss.rsts/c1/v1<2>" is sourceless and has been removed.
                               Sourceless block
"Memory1/Memory_FiFo/U0/xst_fifo_generator/gconvfifo.rf/grf.rf/gntv_or_sync_fifo
.gl0.rd/grss.rsts/c2/v1<2>1" (ROM) removed.
                                The signal
"Memory1/Memory_FiFo/U0/xst_fifo_generator/gconvfifo.rf/grf.rf/gntv_or_sync_fifo
.gl0.rd/grss.rsts/c2/v1<2>" is sourceless and has been removed.
                                 Sourceless block
"Memory1/Memory_FiFo/U0/xst_fifo_generator/gconvfifo.rf/grf.rf/gntv_or_sync_fifo
.gl0.rd/grss.rsts/c2/gmux.gm[2].gms.ms" (MUX) removed.
                                  The signal
"Memory1/Memory_FiFo/U0/xst_fifo_generator/gconvfifo.rf/grf.rf/gntv_or_sync_fifo
.gl0.rd/grss.rsts/c2/gmux.carrynet<2>" is sourceless and has been removed.
                               Sourceless block
"Memory1/Memory_FiFo/U0/xst_fifo_generator/gconvfifo.rf/grf.rf/gntv_or_sync_fifo
.gl0.wr/gwss.wsts/c0/v1<2>1" (ROM) removed.
                                The signal
"Memory1/Memory_FiFo/U0/xst_fifo_generator/gconvfifo.rf/grf.rf/gntv_or_sync_fifo
.gl0.wr/gwss.wsts/c0/v1<2>" is sourceless and has been removed.
                                 Sourceless block
"Memory1/Memory_FiFo/U0/xst_fifo_generator/gconvfifo.rf/grf.rf/gntv_or_sync_fifo
.gl0.wr/gwss.wsts/c0/gmux.gm[2].gms.ms" (MUX) removed.
                                  The signal
"Memory1/Memory_FiFo/U0/xst_fifo_generator/gconvfifo.rf/grf.rf/gntv_or_sync_fifo
.gl0.wr/gwss.wsts/c0/gmux.carrynet<2>" is sourceless and has been removed.
                             Sourceless block
"Memory1/Memory_FiFo/U0/xst_fifo_generator/gconvfifo.rf/grf.rf/gntv_or_sync_fifo
.gl0.wr/wpntr/gcc0.gc1.count_d2_4" (FF) removed.
                              The signal
"Memory1/Memory_FiFo/U0/xst_fifo_generator/gconvfifo.rf/grf.rf/gntv_or_sync_fifo
.gl0.wr/wpntr/gcc0.gc1.count_d2<4>" is sourceless and has been removed.
                             Sourceless block
"Memory1/Memory_FiFo/U0/xst_fifo_generator/gconvfifo.rf/grf.rf/gntv_or_sync_fifo
.gl0.wr/wpntr/gcc0.gc1.count_d2_3" (FF) removed.
                              The signal
"Memory1/Memory_FiFo/U0/xst_fifo_generator/gconvfifo.rf/grf.rf/gntv_or_sync_fifo
.gl0.wr/wpntr/gcc0.gc1.count_d2<3>" is sourceless and has been removed.
                               Sourceless block
"Memory1/Memory_FiFo/U0/xst_fifo_generator/gconvfifo.rf/grf.rf/gntv_or_sync_fifo
.gl0.rd/grss.rsts/c1/v1<1>1" (ROM) removed.
                                The signal
"Memory1/Memory_FiFo/U0/xst_fifo_generator/gconvfifo.rf/grf.rf/gntv_or_sync_fifo
.gl0.rd/grss.rsts/c1/v1<1>" is sourceless and has been removed.
                               Sourceless block
"Memory1/Memory_FiFo/U0/xst_fifo_generator/gconvfifo.rf/grf.rf/gntv_or_sync_fifo
.gl0.rd/grss.rsts/c2/v1<1>1" (ROM) removed.
                                The signal
"Memory1/Memory_FiFo/U0/xst_fifo_generator/gconvfifo.rf/grf.rf/gntv_or_sync_fifo
.gl0.rd/grss.rsts/c2/v1<1>" is sourceless and has been removed.
                                 Sourceless block
"Memory1/Memory_FiFo/U0/xst_fifo_generator/gconvfifo.rf/grf.rf/gntv_or_sync_fifo
.gl0.rd/grss.rsts/c2/gmux.gm[1].gms.ms" (MUX) removed.
                                  The signal
"Memory1/Memory_FiFo/U0/xst_fifo_generator/gconvfifo.rf/grf.rf/gntv_or_sync_fifo
.gl0.rd/grss.rsts/c2/gmux.carrynet<1>" is sourceless and has been removed.
                               Sourceless block
"Memory1/Memory_FiFo/U0/xst_fifo_generator/gconvfifo.rf/grf.rf/gntv_or_sync_fifo
.gl0.wr/gwss.wsts/c0/v1<1>1" (ROM) removed.
                                The signal
"Memory1/Memory_FiFo/U0/xst_fifo_generator/gconvfifo.rf/grf.rf/gntv_or_sync_fifo
.gl0.wr/gwss.wsts/c0/v1<1>" is sourceless and has been removed.
                                 Sourceless block
"Memory1/Memory_FiFo/U0/xst_fifo_generator/gconvfifo.rf/grf.rf/gntv_or_sync_fifo
.gl0.wr/gwss.wsts/c0/gmux.gm[1].gms.ms" (MUX) removed.
                                  The signal
"Memory1/Memory_FiFo/U0/xst_fifo_generator/gconvfifo.rf/grf.rf/gntv_or_sync_fifo
.gl0.wr/gwss.wsts/c0/gmux.carrynet<1>" is sourceless and has been removed.
                             Sourceless block
"Memory1/Memory_FiFo/U0/xst_fifo_generator/gconvfifo.rf/grf.rf/gntv_or_sync_fifo
.gl0.wr/wpntr/gcc0.gc1.count_d2_2" (FF) removed.
                              The signal
"Memory1/Memory_FiFo/U0/xst_fifo_generator/gconvfifo.rf/grf.rf/gntv_or_sync_fifo
.gl0.wr/wpntr/gcc0.gc1.count_d2<2>" is sourceless and has been removed.
                             Sourceless block
"Memory1/Memory_FiFo/U0/xst_fifo_generator/gconvfifo.rf/grf.rf/gntv_or_sync_fifo
.gl0.wr/wpntr/gcc0.gc1.count_d2_1" (FF) removed.
                              The signal
"Memory1/Memory_FiFo/U0/xst_fifo_generator/gconvfifo.rf/grf.rf/gntv_or_sync_fifo
.gl0.wr/wpntr/gcc0.gc1.count_d2<1>" is sourceless and has been removed.
                               Sourceless block
"Memory1/Memory_FiFo/U0/xst_fifo_generator/gconvfifo.rf/grf.rf/gntv_or_sync_fifo
.gl0.rd/grss.rsts/c2/v1<0>1" (ROM) removed.
                                The signal
"Memory1/Memory_FiFo/U0/xst_fifo_generator/gconvfifo.rf/grf.rf/gntv_or_sync_fifo
.gl0.rd/grss.rsts/c2/v1<0>" is sourceless and has been removed.
                                 Sourceless block
"Memory1/Memory_FiFo/U0/xst_fifo_generator/gconvfifo.rf/grf.rf/gntv_or_sync_fifo
.gl0.rd/grss.rsts/c2/gmux.gm[0].gm1.m1" (MUX) removed.
                                  The signal
"Memory1/Memory_FiFo/U0/xst_fifo_generator/gconvfifo.rf/grf.rf/gntv_or_sync_fifo
.gl0.rd/grss.rsts/c2/gmux.carrynet<0>" is sourceless and has been removed.
                               Sourceless block
"Memory1/Memory_FiFo/U0/xst_fifo_generator/gconvfifo.rf/grf.rf/gntv_or_sync_fifo
.gl0.rd/grss.rsts/c1/v1<0>1" (ROM) removed.
                                The signal
"Memory1/Memory_FiFo/U0/xst_fifo_generator/gconvfifo.rf/grf.rf/gntv_or_sync_fifo
.gl0.rd/grss.rsts/c1/v1<0>" is sourceless and has been removed.
                               Sourceless block
"Memory1/Memory_FiFo/U0/xst_fifo_generator/gconvfifo.rf/grf.rf/gntv_or_sync_fifo
.gl0.wr/gwss.wsts/c0/v1<0>1" (ROM) removed.
                                The signal
"Memory1/Memory_FiFo/U0/xst_fifo_generator/gconvfifo.rf/grf.rf/gntv_or_sync_fifo
.gl0.wr/gwss.wsts/c0/v1<0>" is sourceless and has been removed.
                                 Sourceless block
"Memory1/Memory_FiFo/U0/xst_fifo_generator/gconvfifo.rf/grf.rf/gntv_or_sync_fifo
.gl0.wr/gwss.wsts/c0/gmux.gm[0].gm1.m1" (MUX) removed.
                                  The signal
"Memory1/Memory_FiFo/U0/xst_fifo_generator/gconvfifo.rf/grf.rf/gntv_or_sync_fifo
.gl0.wr/gwss.wsts/c0/gmux.carrynet<0>" is sourceless and has been removed.
                               Sourceless block
"Memory1/Memory_FiFo/U0/xst_fifo_generator/gconvfifo.rf/grf.rf/gntv_or_sync_fifo
.gl0.wr/gwss.wsts/gaf.c2/v1<0>1" (ROM) removed.
                                The signal
"Memory1/Memory_FiFo/U0/xst_fifo_generator/gconvfifo.rf/grf.rf/gntv_or_sync_fifo
.gl0.wr/gwss.wsts/gaf.c2/v1<0>" is sourceless and has been removed.
                                 Sourceless block
"Memory1/Memory_FiFo/U0/xst_fifo_generator/gconvfifo.rf/grf.rf/gntv_or_sync_fifo
.gl0.wr/gwss.wsts/gaf.c2/gmux.gm[0].gm1.m1" (MUX) removed.
                                  The signal
"Memory1/Memory_FiFo/U0/xst_fifo_generator/gconvfifo.rf/grf.rf/gntv_or_sync_fifo
.gl0.wr/gwss.wsts/gaf.c2/gmux.carrynet<0>" is sourceless and has been removed.
                                   Sourceless block
"Memory1/Memory_FiFo/U0/xst_fifo_generator/gconvfifo.rf/grf.rf/gntv_or_sync_fifo
.gl0.wr/gwss.wsts/gaf.c2/gmux.gm[1].gms.ms" (MUX) removed.
                                    The signal
"Memory1/Memory_FiFo/U0/xst_fifo_generator/gconvfifo.rf/grf.rf/gntv_or_sync_fifo
.gl0.wr/gwss.wsts/gaf.c2/gmux.carrynet<1>" is sourceless and has been removed.
                                     Sourceless block
"Memory1/Memory_FiFo/U0/xst_fifo_generator/gconvfifo.rf/grf.rf/gntv_or_sync_fifo
.gl0.wr/gwss.wsts/gaf.c2/gmux.gm[2].gms.ms" (MUX) removed.
                                      The signal
"Memory1/Memory_FiFo/U0/xst_fifo_generator/gconvfifo.rf/grf.rf/gntv_or_sync_fifo
.gl0.wr/gwss.wsts/gaf.c2/gmux.carrynet<2>" is sourceless and has been removed.
                                       Sourceless block
"Memory1/Memory_FiFo/U0/xst_fifo_generator/gconvfifo.rf/grf.rf/gntv_or_sync_fifo
.gl0.wr/gwss.wsts/gaf.c2/gmux.gm[3].gms.ms" (MUX) removed.
                                        The signal
"Memory1/Memory_FiFo/U0/xst_fifo_generator/gconvfifo.rf/grf.rf/gntv_or_sync_fifo
.gl0.wr/gwss.wsts/gaf.c2/gmux.carrynet<3>" is sourceless and has been removed.
                                         Sourceless block
"Memory1/Memory_FiFo/U0/xst_fifo_generator/gconvfifo.rf/grf.rf/gntv_or_sync_fifo
.gl0.wr/gwss.wsts/gaf.c2/gmux.gm[4].gms.ms" (MUX) removed.
                                          The signal
"Memory1/Memory_FiFo/U0/xst_fifo_generator/gconvfifo.rf/grf.rf/gntv_or_sync_fifo
.gl0.wr/gwss.wsts/gaf.comp2" is sourceless and has been removed.
                               Sourceless block
"Memory1/Memory_FiFo/U0/xst_fifo_generator/gconvfifo.rf/grf.rf/gntv_or_sync_fifo
.gl0.wr/wpntr/Madd_gcc0.gc1.count[9]_GND_207_o_add_0_OUT_xor<6>111" (ROM)
removed.
                                The signal
"Memory1/Memory_FiFo/U0/xst_fifo_generator/gconvfifo.rf/grf.rf/gntv_or_sync_fifo
.gl0.wr/wpntr/Madd_gcc0.gc1.count[9]_GND_207_o_add_0_OUT_xor<6>11" is sourceless
and has been removed.
                                 Sourceless block
"Memory1/Memory_FiFo/U0/xst_fifo_generator/gconvfifo.rf/grf.rf/gntv_or_sync_fifo
.gl0.wr/wpntr/Madd_gcc0.gc1.count[9]_GND_207_o_add_0_OUT_xor<9>11" (ROM)
removed.
                                  The signal
"Memory1/Memory_FiFo/U0/xst_fifo_generator/gconvfifo.rf/grf.rf/gntv_or_sync_fifo
.gl0.wr/wpntr/gcc0.gc1.count[9]_GND_207_o_add_0_OUT<9>" is sourceless and has
been removed.
                                   Sourceless block
"Memory1/Memory_FiFo/U0/xst_fifo_generator/gconvfifo.rf/grf.rf/gntv_or_sync_fifo
.gl0.wr/wpntr/gcc0.gc1.count_9" (FF) removed.
                                    The signal
"Memory1/Memory_FiFo/U0/xst_fifo_generator/gconvfifo.rf/grf.rf/gntv_or_sync_fifo
.gl0.wr/wpntr/gcc0.gc1.count<9>" is sourceless and has been removed.
                                     Sourceless block
"Memory1/Memory_FiFo/U0/xst_fifo_generator/gconvfifo.rf/grf.rf/gntv_or_sync_fifo
.gl0.wr/wpntr/gcc0.gc1.count_d1_9" (FF) removed.
                                      The signal
"Memory1/Memory_FiFo/U0/xst_fifo_generator/gconvfifo.rf/grf.rf/gntv_or_sync_fifo
.gl0.wr/wpntr/gcc0.gc1.count_d1<9>" is sourceless and has been removed.
                                       Sourceless block
"Memory1/Memory_FiFo/U0/xst_fifo_generator/gconvfifo.rf/grf.rf/gntv_or_sync_fifo
.gl0.wr/gwss.wsts/c1/v1<4>1" (ROM) removed.
                                        The signal
"Memory1/Memory_FiFo/U0/xst_fifo_generator/gconvfifo.rf/grf.rf/gntv_or_sync_fifo
.gl0.wr/gwss.wsts/c1/v1<4>" is sourceless and has been removed.
                                         Sourceless block
"Memory1/Memory_FiFo/U0/xst_fifo_generator/gconvfifo.rf/grf.rf/gntv_or_sync_fifo
.gl0.wr/gwss.wsts/c1/gmux.gm[4].gms.ms" (MUX) removed.
                                          The signal
"Memory1/Memory_FiFo/U0/xst_fifo_generator/gconvfifo.rf/grf.rf/gntv_or_sync_fifo
.gl0.wr/gwss.wsts/comp1" is sourceless and has been removed.
                                     Sourceless block
"Memory1/Memory_FiFo/U0/xst_fifo_generator/gconvfifo.rf/grf.rf/gntv_or_sync_fifo
.gl0.wr/gwss.wsts/gaf.c2/v1<4>1" (ROM) removed.
                                      The signal
"Memory1/Memory_FiFo/U0/xst_fifo_generator/gconvfifo.rf/grf.rf/gntv_or_sync_fifo
.gl0.wr/gwss.wsts/gaf.c2/v1<4>" is sourceless and has been removed.
                                 Sourceless block
"Memory1/Memory_FiFo/U0/xst_fifo_generator/gconvfifo.rf/grf.rf/gntv_or_sync_fifo
.gl0.wr/wpntr/Madd_gcc0.gc1.count[9]_GND_207_o_add_0_OUT_xor<8>11" (ROM)
removed.
                                  The signal
"Memory1/Memory_FiFo/U0/xst_fifo_generator/gconvfifo.rf/grf.rf/gntv_or_sync_fifo
.gl0.wr/wpntr/gcc0.gc1.count[9]_GND_207_o_add_0_OUT<8>" is sourceless and has
been removed.
                                   Sourceless block
"Memory1/Memory_FiFo/U0/xst_fifo_generator/gconvfifo.rf/grf.rf/gntv_or_sync_fifo
.gl0.wr/wpntr/gcc0.gc1.count_8" (FF) removed.
                                    The signal
"Memory1/Memory_FiFo/U0/xst_fifo_generator/gconvfifo.rf/grf.rf/gntv_or_sync_fifo
.gl0.wr/wpntr/gcc0.gc1.count<8>" is sourceless and has been removed.
                                     Sourceless block
"Memory1/Memory_FiFo/U0/xst_fifo_generator/gconvfifo.rf/grf.rf/gntv_or_sync_fifo
.gl0.wr/wpntr/gcc0.gc1.count_d1_8" (FF) removed.
                                      The signal
"Memory1/Memory_FiFo/U0/xst_fifo_generator/gconvfifo.rf/grf.rf/gntv_or_sync_fifo
.gl0.wr/wpntr/gcc0.gc1.count_d1<8>" is sourceless and has been removed.
                                 Sourceless block
"Memory1/Memory_FiFo/U0/xst_fifo_generator/gconvfifo.rf/grf.rf/gntv_or_sync_fifo
.gl0.wr/wpntr/Madd_gcc0.gc1.count[9]_GND_207_o_add_0_OUT_xor<7>11" (ROM)
removed.
                                  The signal
"Memory1/Memory_FiFo/U0/xst_fifo_generator/gconvfifo.rf/grf.rf/gntv_or_sync_fifo
.gl0.wr/wpntr/gcc0.gc1.count[9]_GND_207_o_add_0_OUT<7>" is sourceless and has
been removed.
                                   Sourceless block
"Memory1/Memory_FiFo/U0/xst_fifo_generator/gconvfifo.rf/grf.rf/gntv_or_sync_fifo
.gl0.wr/wpntr/gcc0.gc1.count_7" (FF) removed.
                                    The signal
"Memory1/Memory_FiFo/U0/xst_fifo_generator/gconvfifo.rf/grf.rf/gntv_or_sync_fifo
.gl0.wr/wpntr/gcc0.gc1.count<7>" is sourceless and has been removed.
                                     Sourceless block
"Memory1/Memory_FiFo/U0/xst_fifo_generator/gconvfifo.rf/grf.rf/gntv_or_sync_fifo
.gl0.wr/wpntr/gcc0.gc1.count_d1_7" (FF) removed.
                                      The signal
"Memory1/Memory_FiFo/U0/xst_fifo_generator/gconvfifo.rf/grf.rf/gntv_or_sync_fifo
.gl0.wr/wpntr/gcc0.gc1.count_d1<7>" is sourceless and has been removed.
                                       Sourceless block
"Memory1/Memory_FiFo/U0/xst_fifo_generator/gconvfifo.rf/grf.rf/gntv_or_sync_fifo
.gl0.wr/gwss.wsts/c1/v1<3>1" (ROM) removed.
                                        The signal
"Memory1/Memory_FiFo/U0/xst_fifo_generator/gconvfifo.rf/grf.rf/gntv_or_sync_fifo
.gl0.wr/gwss.wsts/c1/v1<3>" is sourceless and has been removed.
                                         Sourceless block
"Memory1/Memory_FiFo/U0/xst_fifo_generator/gconvfifo.rf/grf.rf/gntv_or_sync_fifo
.gl0.wr/gwss.wsts/c1/gmux.gm[3].gms.ms" (MUX) removed.
                                          The signal
"Memory1/Memory_FiFo/U0/xst_fifo_generator/gconvfifo.rf/grf.rf/gntv_or_sync_fifo
.gl0.wr/gwss.wsts/c1/gmux.carrynet<3>" is sourceless and has been removed.
                                     Sourceless block
"Memory1/Memory_FiFo/U0/xst_fifo_generator/gconvfifo.rf/grf.rf/gntv_or_sync_fifo
.gl0.wr/gwss.wsts/gaf.c2/v1<3>1" (ROM) removed.
                                      The signal
"Memory1/Memory_FiFo/U0/xst_fifo_generator/gconvfifo.rf/grf.rf/gntv_or_sync_fifo
.gl0.wr/gwss.wsts/gaf.c2/v1<3>" is sourceless and has been removed.
                                 Sourceless block
"Memory1/Memory_FiFo/U0/xst_fifo_generator/gconvfifo.rf/grf.rf/gntv_or_sync_fifo
.gl0.wr/wpntr/Madd_gcc0.gc1.count[9]_GND_207_o_add_0_OUT_xor<6>11" (ROM)
removed.
                                  The signal
"Memory1/Memory_FiFo/U0/xst_fifo_generator/gconvfifo.rf/grf.rf/gntv_or_sync_fifo
.gl0.wr/wpntr/gcc0.gc1.count[9]_GND_207_o_add_0_OUT<6>" is sourceless and has
been removed.
                                   Sourceless block
"Memory1/Memory_FiFo/U0/xst_fifo_generator/gconvfifo.rf/grf.rf/gntv_or_sync_fifo
.gl0.wr/wpntr/gcc0.gc1.count_6" (FF) removed.
                                    The signal
"Memory1/Memory_FiFo/U0/xst_fifo_generator/gconvfifo.rf/grf.rf/gntv_or_sync_fifo
.gl0.wr/wpntr/gcc0.gc1.count<6>" is sourceless and has been removed.
                                     Sourceless block
"Memory1/Memory_FiFo/U0/xst_fifo_generator/gconvfifo.rf/grf.rf/gntv_or_sync_fifo
.gl0.wr/wpntr/gcc0.gc1.count_d1_6" (FF) removed.
                                      The signal
"Memory1/Memory_FiFo/U0/xst_fifo_generator/gconvfifo.rf/grf.rf/gntv_or_sync_fifo
.gl0.wr/wpntr/gcc0.gc1.count_d1<6>" is sourceless and has been removed.
                               Sourceless block
"Memory1/Memory_FiFo/U0/xst_fifo_generator/gconvfifo.rf/grf.rf/gntv_or_sync_fifo
.gl0.wr/wpntr/Madd_gcc0.gc1.count[9]_GND_207_o_add_0_OUT_xor<5>11" (ROM)
removed.
                                The signal
"Memory1/Memory_FiFo/U0/xst_fifo_generator/gconvfifo.rf/grf.rf/gntv_or_sync_fifo
.gl0.wr/wpntr/gcc0.gc1.count[9]_GND_207_o_add_0_OUT<5>" is sourceless and has
been removed.
                                 Sourceless block
"Memory1/Memory_FiFo/U0/xst_fifo_generator/gconvfifo.rf/grf.rf/gntv_or_sync_fifo
.gl0.wr/wpntr/gcc0.gc1.count_5" (FF) removed.
                                  The signal
"Memory1/Memory_FiFo/U0/xst_fifo_generator/gconvfifo.rf/grf.rf/gntv_or_sync_fifo
.gl0.wr/wpntr/gcc0.gc1.count<5>" is sourceless and has been removed.
                                   Sourceless block
"Memory1/Memory_FiFo/U0/xst_fifo_generator/gconvfifo.rf/grf.rf/gntv_or_sync_fifo
.gl0.wr/wpntr/gcc0.gc1.count_d1_5" (FF) removed.
                                    The signal
"Memory1/Memory_FiFo/U0/xst_fifo_generator/gconvfifo.rf/grf.rf/gntv_or_sync_fifo
.gl0.wr/wpntr/gcc0.gc1.count_d1<5>" is sourceless and has been removed.
                                     Sourceless block
"Memory1/Memory_FiFo/U0/xst_fifo_generator/gconvfifo.rf/grf.rf/gntv_or_sync_fifo
.gl0.wr/gwss.wsts/c1/v1<2>1" (ROM) removed.
                                      The signal
"Memory1/Memory_FiFo/U0/xst_fifo_generator/gconvfifo.rf/grf.rf/gntv_or_sync_fifo
.gl0.wr/gwss.wsts/c1/v1<2>" is sourceless and has been removed.
                                       Sourceless block
"Memory1/Memory_FiFo/U0/xst_fifo_generator/gconvfifo.rf/grf.rf/gntv_or_sync_fifo
.gl0.wr/gwss.wsts/c1/gmux.gm[2].gms.ms" (MUX) removed.
                                        The signal
"Memory1/Memory_FiFo/U0/xst_fifo_generator/gconvfifo.rf/grf.rf/gntv_or_sync_fifo
.gl0.wr/gwss.wsts/c1/gmux.carrynet<2>" is sourceless and has been removed.
                                   Sourceless block
"Memory1/Memory_FiFo/U0/xst_fifo_generator/gconvfifo.rf/grf.rf/gntv_or_sync_fifo
.gl0.wr/gwss.wsts/gaf.c2/v1<2>1" (ROM) removed.
                                    The signal
"Memory1/Memory_FiFo/U0/xst_fifo_generator/gconvfifo.rf/grf.rf/gntv_or_sync_fifo
.gl0.wr/gwss.wsts/gaf.c2/v1<2>" is sourceless and has been removed.
                               Sourceless block
"Memory1/Memory_FiFo/U0/xst_fifo_generator/gconvfifo.rf/grf.rf/gntv_or_sync_fifo
.gl0.wr/wpntr/Madd_gcc0.gc1.count[9]_GND_207_o_add_0_OUT_xor<4>11" (ROM)
removed.
                                The signal
"Memory1/Memory_FiFo/U0/xst_fifo_generator/gconvfifo.rf/grf.rf/gntv_or_sync_fifo
.gl0.wr/wpntr/gcc0.gc1.count[9]_GND_207_o_add_0_OUT<4>" is sourceless and has
been removed.
                                 Sourceless block
"Memory1/Memory_FiFo/U0/xst_fifo_generator/gconvfifo.rf/grf.rf/gntv_or_sync_fifo
.gl0.wr/wpntr/gcc0.gc1.count_4" (FF) removed.
                                  The signal
"Memory1/Memory_FiFo/U0/xst_fifo_generator/gconvfifo.rf/grf.rf/gntv_or_sync_fifo
.gl0.wr/wpntr/gcc0.gc1.count<4>" is sourceless and has been removed.
                                   Sourceless block
"Memory1/Memory_FiFo/U0/xst_fifo_generator/gconvfifo.rf/grf.rf/gntv_or_sync_fifo
.gl0.wr/wpntr/gcc0.gc1.count_d1_4" (FF) removed.
                                    The signal
"Memory1/Memory_FiFo/U0/xst_fifo_generator/gconvfifo.rf/grf.rf/gntv_or_sync_fifo
.gl0.wr/wpntr/gcc0.gc1.count_d1<4>" is sourceless and has been removed.
                               Sourceless block
"Memory1/Memory_FiFo/U0/xst_fifo_generator/gconvfifo.rf/grf.rf/gntv_or_sync_fifo
.gl0.wr/wpntr/Madd_gcc0.gc1.count[9]_GND_207_o_add_0_OUT_xor<3>11" (ROM)
removed.
                                The signal
"Memory1/Memory_FiFo/U0/xst_fifo_generator/gconvfifo.rf/grf.rf/gntv_or_sync_fifo
.gl0.wr/wpntr/gcc0.gc1.count[9]_GND_207_o_add_0_OUT<3>" is sourceless and has
been removed.
                                 Sourceless block
"Memory1/Memory_FiFo/U0/xst_fifo_generator/gconvfifo.rf/grf.rf/gntv_or_sync_fifo
.gl0.wr/wpntr/gcc0.gc1.count_3" (FF) removed.
                                  The signal
"Memory1/Memory_FiFo/U0/xst_fifo_generator/gconvfifo.rf/grf.rf/gntv_or_sync_fifo
.gl0.wr/wpntr/gcc0.gc1.count<3>" is sourceless and has been removed.
                                   Sourceless block
"Memory1/Memory_FiFo/U0/xst_fifo_generator/gconvfifo.rf/grf.rf/gntv_or_sync_fifo
.gl0.wr/wpntr/gcc0.gc1.count_d1_3" (FF) removed.
                                    The signal
"Memory1/Memory_FiFo/U0/xst_fifo_generator/gconvfifo.rf/grf.rf/gntv_or_sync_fifo
.gl0.wr/wpntr/gcc0.gc1.count_d1<3>" is sourceless and has been removed.
                                     Sourceless block
"Memory1/Memory_FiFo/U0/xst_fifo_generator/gconvfifo.rf/grf.rf/gntv_or_sync_fifo
.gl0.wr/gwss.wsts/c1/v1<1>1" (ROM) removed.
                                      The signal
"Memory1/Memory_FiFo/U0/xst_fifo_generator/gconvfifo.rf/grf.rf/gntv_or_sync_fifo
.gl0.wr/gwss.wsts/c1/v1<1>" is sourceless and has been removed.
                                       Sourceless block
"Memory1/Memory_FiFo/U0/xst_fifo_generator/gconvfifo.rf/grf.rf/gntv_or_sync_fifo
.gl0.wr/gwss.wsts/c1/gmux.gm[1].gms.ms" (MUX) removed.
                                        The signal
"Memory1/Memory_FiFo/U0/xst_fifo_generator/gconvfifo.rf/grf.rf/gntv_or_sync_fifo
.gl0.wr/gwss.wsts/c1/gmux.carrynet<1>" is sourceless and has been removed.
                                   Sourceless block
"Memory1/Memory_FiFo/U0/xst_fifo_generator/gconvfifo.rf/grf.rf/gntv_or_sync_fifo
.gl0.wr/gwss.wsts/gaf.c2/v1<1>1" (ROM) removed.
                                    The signal
"Memory1/Memory_FiFo/U0/xst_fifo_generator/gconvfifo.rf/grf.rf/gntv_or_sync_fifo
.gl0.wr/gwss.wsts/gaf.c2/v1<1>" is sourceless and has been removed.
                               Sourceless block
"Memory1/Memory_FiFo/U0/xst_fifo_generator/gconvfifo.rf/grf.rf/gntv_or_sync_fifo
.gl0.wr/wpntr/Madd_gcc0.gc1.count[9]_GND_207_o_add_0_OUT_xor<2>11" (ROM)
removed.
                                The signal
"Memory1/Memory_FiFo/U0/xst_fifo_generator/gconvfifo.rf/grf.rf/gntv_or_sync_fifo
.gl0.wr/wpntr/gcc0.gc1.count[9]_GND_207_o_add_0_OUT<2>" is sourceless and has
been removed.
                                 Sourceless block
"Memory1/Memory_FiFo/U0/xst_fifo_generator/gconvfifo.rf/grf.rf/gntv_or_sync_fifo
.gl0.wr/wpntr/gcc0.gc1.count_2" (FF) removed.
                                  The signal
"Memory1/Memory_FiFo/U0/xst_fifo_generator/gconvfifo.rf/grf.rf/gntv_or_sync_fifo
.gl0.wr/wpntr/gcc0.gc1.count<2>" is sourceless and has been removed.
                                   Sourceless block
"Memory1/Memory_FiFo/U0/xst_fifo_generator/gconvfifo.rf/grf.rf/gntv_or_sync_fifo
.gl0.wr/wpntr/gcc0.gc1.count_d1_2" (FF) removed.
                                    The signal
"Memory1/Memory_FiFo/U0/xst_fifo_generator/gconvfifo.rf/grf.rf/gntv_or_sync_fifo
.gl0.wr/wpntr/gcc0.gc1.count_d1<2>" is sourceless and has been removed.
                               Sourceless block
"Memory1/Memory_FiFo/U0/xst_fifo_generator/gconvfifo.rf/grf.rf/wr_pntr<1>_inv1_I
NV_0" (BUF) removed.
                                The signal
"Memory1/Memory_FiFo/U0/xst_fifo_generator/gconvfifo.rf/grf.rf/gntv_or_sync_fifo
.gl0.wr/wr_pntr_plus2<1>" is sourceless and has been removed.
                                 Sourceless block
"Memory1/Memory_FiFo/U0/xst_fifo_generator/gconvfifo.rf/grf.rf/gntv_or_sync_fifo
.gl0.wr/wpntr/gcc0.gc1.count_d1_1" (FF) removed.
                                  The signal
"Memory1/Memory_FiFo/U0/xst_fifo_generator/gconvfifo.rf/grf.rf/gntv_or_sync_fifo
.gl0.wr/wpntr/gcc0.gc1.count_d1<1>" is sourceless and has been removed.
                                   Sourceless block
"Memory1/Memory_FiFo/U0/xst_fifo_generator/gconvfifo.rf/grf.rf/gntv_or_sync_fifo
.gl0.wr/gwss.wsts/c1/v1<0>1" (ROM) removed.
                                    The signal
"Memory1/Memory_FiFo/U0/xst_fifo_generator/gconvfifo.rf/grf.rf/gntv_or_sync_fifo
.gl0.wr/gwss.wsts/c1/v1<0>" is sourceless and has been removed.
                                     Sourceless block
"Memory1/Memory_FiFo/U0/xst_fifo_generator/gconvfifo.rf/grf.rf/gntv_or_sync_fifo
.gl0.wr/gwss.wsts/c1/gmux.gm[0].gm1.m1" (MUX) removed.
                                      The signal
"Memory1/Memory_FiFo/U0/xst_fifo_generator/gconvfifo.rf/grf.rf/gntv_or_sync_fifo
.gl0.wr/gwss.wsts/c1/gmux.carrynet<0>" is sourceless and has been removed.
                             Sourceless block
"Memory1/Memory_FiFo/U0/xst_fifo_generator/gconvfifo.rf/grf.rf/gntv_or_sync_fifo
.gl0.wr/wpntr/gcc0.gc1.count_d2_0" (FF) removed.
                              The signal
"Memory1/Memory_FiFo/U0/xst_fifo_generator/gconvfifo.rf/grf.rf/gntv_or_sync_fifo
.gl0.wr/wpntr/gcc0.gc1.count_d2<0>" is sourceless and has been removed.
                               Sourceless block
"Memory1/Memory_FiFo/U0/xst_fifo_generator/gconvfifo.rf/grf.rf/gntv_or_sync_fifo
.gl0.wr/wr_pntr_plus2<0>_inv1_INV_0" (BUF) removed.
                                The signal
"Memory1/Memory_FiFo/U0/xst_fifo_generator/gconvfifo.rf/grf.rf/gntv_or_sync_fifo
.gl0.wr/wr_pntr_plus1<0>" is sourceless and has been removed.
                         Sourceless block
"Memory1/Memory_FiFo/U0/xst_fifo_generator/gconvfifo.rf/grf.rf/gntv_or_sync_fifo
.gl0.wr/gwss.wsts/ram_full_i" (FF) removed.
                 Sourceless block
"Memory1/Memory_FiFo/U0/xst_fifo_generator/gconvfifo.rf/grf.rf/gntv_or_sync_fifo
.gl0.rd/rpntr/gc0.count_d1_8" (FF) removed.
                  The signal
"Memory1/Memory_FiFo/U0/xst_fifo_generator/gconvfifo.rf/grf.rf/gntv_or_sync_fifo
.gl0.rd/rpntr/gc0.count_d1<8>" is sourceless and has been removed.
                 Sourceless block
"Memory1/Memory_FiFo/U0/xst_fifo_generator/gconvfifo.rf/grf.rf/gntv_or_sync_fifo
.gl0.rd/rpntr/gc0.count_d1_7" (FF) removed.
                  The signal
"Memory1/Memory_FiFo/U0/xst_fifo_generator/gconvfifo.rf/grf.rf/gntv_or_sync_fifo
.gl0.rd/rpntr/gc0.count_d1<7>" is sourceless and has been removed.
                 Sourceless block
"Memory1/Memory_FiFo/U0/xst_fifo_generator/gconvfifo.rf/grf.rf/gntv_or_sync_fifo
.gl0.rd/rpntr/gc0.count_d1_6" (FF) removed.
                  The signal
"Memory1/Memory_FiFo/U0/xst_fifo_generator/gconvfifo.rf/grf.rf/gntv_or_sync_fifo
.gl0.rd/rpntr/gc0.count_d1<6>" is sourceless and has been removed.
                 Sourceless block
"Memory1/Memory_FiFo/U0/xst_fifo_generator/gconvfifo.rf/grf.rf/gntv_or_sync_fifo
.gl0.rd/rpntr/gc0.count_d1_5" (FF) removed.
                  The signal
"Memory1/Memory_FiFo/U0/xst_fifo_generator/gconvfifo.rf/grf.rf/gntv_or_sync_fifo
.gl0.rd/rpntr/gc0.count_d1<5>" is sourceless and has been removed.
                 Sourceless block
"Memory1/Memory_FiFo/U0/xst_fifo_generator/gconvfifo.rf/grf.rf/gntv_or_sync_fifo
.gl0.rd/rpntr/gc0.count_d1_4" (FF) removed.
                  The signal
"Memory1/Memory_FiFo/U0/xst_fifo_generator/gconvfifo.rf/grf.rf/gntv_or_sync_fifo
.gl0.rd/rpntr/gc0.count_d1<4>" is sourceless and has been removed.
                 Sourceless block
"Memory1/Memory_FiFo/U0/xst_fifo_generator/gconvfifo.rf/grf.rf/gntv_or_sync_fifo
.gl0.rd/rpntr/gc0.count_d1_3" (FF) removed.
                  The signal
"Memory1/Memory_FiFo/U0/xst_fifo_generator/gconvfifo.rf/grf.rf/gntv_or_sync_fifo
.gl0.rd/rpntr/gc0.count_d1<3>" is sourceless and has been removed.
                 Sourceless block
"Memory1/Memory_FiFo/U0/xst_fifo_generator/gconvfifo.rf/grf.rf/gntv_or_sync_fifo
.gl0.rd/rpntr/gc0.count_d1_2" (FF) removed.
                  The signal
"Memory1/Memory_FiFo/U0/xst_fifo_generator/gconvfifo.rf/grf.rf/gntv_or_sync_fifo
.gl0.rd/rpntr/gc0.count_d1<2>" is sourceless and has been removed.
                 Sourceless block
"Memory1/Memory_FiFo/U0/xst_fifo_generator/gconvfifo.rf/grf.rf/gntv_or_sync_fifo
.gl0.rd/rpntr/gc0.count_d1_1" (FF) removed.
                  The signal
"Memory1/Memory_FiFo/U0/xst_fifo_generator/gconvfifo.rf/grf.rf/gntv_or_sync_fifo
.gl0.rd/rpntr/gc0.count_d1<1>" is sourceless and has been removed.
                 Sourceless block
"Memory1/Memory_FiFo/U0/xst_fifo_generator/gconvfifo.rf/grf.rf/gntv_or_sync_fifo
.gl0.rd/rpntr/gc0.count_9" (FF) removed.
                  The signal
"Memory1/Memory_FiFo/U0/xst_fifo_generator/gconvfifo.rf/grf.rf/gntv_or_sync_fifo
.gl0.rd/rpntr/gc0.count<9>" is sourceless and has been removed.
                   Sourceless block
"Memory1/Memory_FiFo/U0/xst_fifo_generator/gconvfifo.rf/grf.rf/gntv_or_sync_fifo
.gl0.rd/rpntr/Madd_gc0.count[9]_GND_196_o_add_0_OUT_xor<9>11" (ROM) removed.
                    The signal
"Memory1/Memory_FiFo/U0/xst_fifo_generator/gconvfifo.rf/grf.rf/gntv_or_sync_fifo
.gl0.rd/rpntr/gc0.count[9]_GND_196_o_add_0_OUT<9>" is sourceless and has been
removed.
                 Sourceless block
"Memory1/Memory_FiFo/U0/xst_fifo_generator/gconvfifo.rf/grf.rf/gntv_or_sync_fifo
.gl0.rd/rpntr/gc0.count_8" (FF) removed.
                  The signal
"Memory1/Memory_FiFo/U0/xst_fifo_generator/gconvfifo.rf/grf.rf/gntv_or_sync_fifo
.gl0.rd/rpntr/gc0.count<8>" is sourceless and has been removed.
                   Sourceless block
"Memory1/Memory_FiFo/U0/xst_fifo_generator/gconvfifo.rf/grf.rf/gntv_or_sync_fifo
.gl0.rd/rpntr/Madd_gc0.count[9]_GND_196_o_add_0_OUT_xor<8>11" (ROM) removed.
                    The signal
"Memory1/Memory_FiFo/U0/xst_fifo_generator/gconvfifo.rf/grf.rf/gntv_or_sync_fifo
.gl0.rd/rpntr/gc0.count[9]_GND_196_o_add_0_OUT<8>" is sourceless and has been
removed.
                 Sourceless block
"Memory1/Memory_FiFo/U0/xst_fifo_generator/gconvfifo.rf/grf.rf/gntv_or_sync_fifo
.gl0.rd/rpntr/gc0.count_7" (FF) removed.
                  The signal
"Memory1/Memory_FiFo/U0/xst_fifo_generator/gconvfifo.rf/grf.rf/gntv_or_sync_fifo
.gl0.rd/rpntr/gc0.count<7>" is sourceless and has been removed.
                   Sourceless block
"Memory1/Memory_FiFo/U0/xst_fifo_generator/gconvfifo.rf/grf.rf/gntv_or_sync_fifo
.gl0.rd/rpntr/Madd_gc0.count[9]_GND_196_o_add_0_OUT_xor<7>11" (ROM) removed.
                    The signal
"Memory1/Memory_FiFo/U0/xst_fifo_generator/gconvfifo.rf/grf.rf/gntv_or_sync_fifo
.gl0.rd/rpntr/gc0.count[9]_GND_196_o_add_0_OUT<7>" is sourceless and has been
removed.
                 Sourceless block
"Memory1/Memory_FiFo/U0/xst_fifo_generator/gconvfifo.rf/grf.rf/gntv_or_sync_fifo
.gl0.rd/rpntr/gc0.count_6" (FF) removed.
                  The signal
"Memory1/Memory_FiFo/U0/xst_fifo_generator/gconvfifo.rf/grf.rf/gntv_or_sync_fifo
.gl0.rd/rpntr/gc0.count<6>" is sourceless and has been removed.
                   Sourceless block
"Memory1/Memory_FiFo/U0/xst_fifo_generator/gconvfifo.rf/grf.rf/gntv_or_sync_fifo
.gl0.rd/rpntr/Madd_gc0.count[9]_GND_196_o_add_0_OUT_xor<6>11" (ROM) removed.
                    The signal
"Memory1/Memory_FiFo/U0/xst_fifo_generator/gconvfifo.rf/grf.rf/gntv_or_sync_fifo
.gl0.rd/rpntr/gc0.count[9]_GND_196_o_add_0_OUT<6>" is sourceless and has been
removed.
                 Sourceless block
"Memory1/Memory_FiFo/U0/xst_fifo_generator/gconvfifo.rf/grf.rf/gntv_or_sync_fifo
.gl0.rd/rpntr/gc0.count_5" (FF) removed.
                  The signal
"Memory1/Memory_FiFo/U0/xst_fifo_generator/gconvfifo.rf/grf.rf/gntv_or_sync_fifo
.gl0.rd/rpntr/gc0.count<5>" is sourceless and has been removed.
                   Sourceless block
"Memory1/Memory_FiFo/U0/xst_fifo_generator/gconvfifo.rf/grf.rf/gntv_or_sync_fifo
.gl0.rd/rpntr/Madd_gc0.count[9]_GND_196_o_add_0_OUT_xor<5>11" (ROM) removed.
                    The signal
"Memory1/Memory_FiFo/U0/xst_fifo_generator/gconvfifo.rf/grf.rf/gntv_or_sync_fifo
.gl0.rd/rpntr/gc0.count[9]_GND_196_o_add_0_OUT<5>" is sourceless and has been
removed.
                   Sourceless block
"Memory1/Memory_FiFo/U0/xst_fifo_generator/gconvfifo.rf/grf.rf/gntv_or_sync_fifo
.gl0.rd/rpntr/Madd_gc0.count[9]_GND_196_o_add_0_OUT_xor<6>111" (ROM) removed.
                    The signal
"Memory1/Memory_FiFo/U0/xst_fifo_generator/gconvfifo.rf/grf.rf/gntv_or_sync_fifo
.gl0.rd/rpntr/Madd_gc0.count[9]_GND_196_o_add_0_OUT_xor<6>11" is sourceless and
has been removed.
                 Sourceless block
"Memory1/Memory_FiFo/U0/xst_fifo_generator/gconvfifo.rf/grf.rf/gntv_or_sync_fifo
.gl0.rd/rpntr/gc0.count_4" (FF) removed.
                  The signal
"Memory1/Memory_FiFo/U0/xst_fifo_generator/gconvfifo.rf/grf.rf/gntv_or_sync_fifo
.gl0.rd/rpntr/gc0.count<4>" is sourceless and has been removed.
                   Sourceless block
"Memory1/Memory_FiFo/U0/xst_fifo_generator/gconvfifo.rf/grf.rf/gntv_or_sync_fifo
.gl0.rd/rpntr/Madd_gc0.count[9]_GND_196_o_add_0_OUT_xor<4>11" (ROM) removed.
                    The signal
"Memory1/Memory_FiFo/U0/xst_fifo_generator/gconvfifo.rf/grf.rf/gntv_or_sync_fifo
.gl0.rd/rpntr/gc0.count[9]_GND_196_o_add_0_OUT<4>" is sourceless and has been
removed.
                 Sourceless block
"Memory1/Memory_FiFo/U0/xst_fifo_generator/gconvfifo.rf/grf.rf/gntv_or_sync_fifo
.gl0.rd/rpntr/gc0.count_3" (FF) removed.
                  The signal
"Memory1/Memory_FiFo/U0/xst_fifo_generator/gconvfifo.rf/grf.rf/gntv_or_sync_fifo
.gl0.rd/rpntr/gc0.count<3>" is sourceless and has been removed.
                   Sourceless block
"Memory1/Memory_FiFo/U0/xst_fifo_generator/gconvfifo.rf/grf.rf/gntv_or_sync_fifo
.gl0.rd/rpntr/Madd_gc0.count[9]_GND_196_o_add_0_OUT_xor<3>11" (ROM) removed.
                    The signal
"Memory1/Memory_FiFo/U0/xst_fifo_generator/gconvfifo.rf/grf.rf/gntv_or_sync_fifo
.gl0.rd/rpntr/gc0.count[9]_GND_196_o_add_0_OUT<3>" is sourceless and has been
removed.
                 Sourceless block
"Memory1/Memory_FiFo/U0/xst_fifo_generator/gconvfifo.rf/grf.rf/gntv_or_sync_fifo
.gl0.rd/rpntr/gc0.count_2" (FF) removed.
                  The signal
"Memory1/Memory_FiFo/U0/xst_fifo_generator/gconvfifo.rf/grf.rf/gntv_or_sync_fifo
.gl0.rd/rpntr/gc0.count<2>" is sourceless and has been removed.
                   Sourceless block
"Memory1/Memory_FiFo/U0/xst_fifo_generator/gconvfifo.rf/grf.rf/gntv_or_sync_fifo
.gl0.rd/rpntr/Madd_gc0.count[9]_GND_196_o_add_0_OUT_xor<2>11" (ROM) removed.
                    The signal
"Memory1/Memory_FiFo/U0/xst_fifo_generator/gconvfifo.rf/grf.rf/gntv_or_sync_fifo
.gl0.rd/rpntr/gc0.count[9]_GND_196_o_add_0_OUT<2>" is sourceless and has been
removed.
                 Sourceless block
"Memory1/Memory_FiFo/U0/xst_fifo_generator/gconvfifo.rf/grf.rf/gntv_or_sync_fifo
.gl0.rd/rpntr/gc0.count_1" (FF) removed.
                  The signal
"Memory1/Memory_FiFo/U0/xst_fifo_generator/gconvfifo.rf/grf.rf/gntv_or_sync_fifo
.gl0.rd/rpntr/gc0.count<1>" is sourceless and has been removed.
                   Sourceless block
"Memory1/Memory_FiFo/U0/xst_fifo_generator/gconvfifo.rf/grf.rf/gntv_or_sync_fifo
.gl0.rd/rpntr/Madd_gc0.count[9]_GND_196_o_add_0_OUT_xor<1>11" (ROM) removed.
                    The signal
"Memory1/Memory_FiFo/U0/xst_fifo_generator/gconvfifo.rf/grf.rf/gntv_or_sync_fifo
.gl0.rd/rpntr/gc0.count[9]_GND_196_o_add_0_OUT<1>" is sourceless and has been
removed.
                 Sourceless block
"Memory1/Memory_FiFo/U0/xst_fifo_generator/gconvfifo.rf/grf.rf/gntv_or_sync_fifo
.gl0.rd/rpntr/gc0.count_0" (FF) removed.
                  The signal
"Memory1/Memory_FiFo/U0/xst_fifo_generator/gconvfifo.rf/grf.rf/gntv_or_sync_fifo
.gl0.rd/rpntr/gc0.count<0>" is sourceless and has been removed.
                   Sourceless block
"Memory1/Memory_FiFo/U0/xst_fifo_generator/gconvfifo.rf/grf.rf/gntv_or_sync_fifo
.gl0.rd/rpntr/Madd_gc0.count[9]_GND_196_o_add_0_OUT_xor<0>11_INV_0" (BUF)
removed.
                    The signal
"Memory1/Memory_FiFo/U0/xst_fifo_generator/gconvfifo.rf/grf.rf/gntv_or_sync_fifo
.gl0.rd/rd_pntr_plus1<0>_inv" is sourceless and has been removed.
               Sourceless block
"Memory1/Memory_FiFo/U0/xst_fifo_generator/gconvfifo.rf/grf.rf/gntv_or_sync_fifo
.mem/tmp_ram_rd_en1" (ROM) removed.
                The signal
"Memory1/Memory_FiFo/U0/xst_fifo_generator/gconvfifo.rf/grf.rf/gntv_or_sync_fifo
.mem/tmp_ram_rd_en" is sourceless and has been removed.
The signal "Memory1/Memory_FiFo/N1" is sourceless and has been removed.
 Sourceless block
"Memory1/Memory_FiFo/U0/xst_fifo_generator/gconvfifo.rf/grf.rf/rstblk/ngwrdrst.g
rst.rd_rst_reg_2" (FF) removed.
  The signal
"Memory1/Memory_FiFo/U0/xst_fifo_generator/gconvfifo.rf/grf.rf/rstblk/ngwrdrst.g
rst.rd_rst_reg<2>" is sourceless and has been removed.
 Sourceless block
"Memory1/Memory_FiFo/U0/xst_fifo_generator/gconvfifo.rf/grf.rf/rstblk/ngwrdrst.g
rst.rd_rst_reg_0" (FF) removed.
  The signal
"Memory1/Memory_FiFo/U0/xst_fifo_generator/gconvfifo.rf/grf.rf/rstblk/ngwrdrst.g
rst.rd_rst_reg<0>" is sourceless and has been removed.
 Sourceless block
"Memory1/Memory_FiFo/U0/xst_fifo_generator/gconvfifo.rf/grf.rf/rstblk/ngwrdrst.g
rst.wr_rst_reg_1" (FF) removed.
  The signal
"Memory1/Memory_FiFo/U0/xst_fifo_generator/gconvfifo.rf/grf.rf/rstblk/ngwrdrst.g
rst.wr_rst_reg<1>" is sourceless and has been removed.
 Sourceless block
"Memory1/Memory_FiFo/U0/xst_fifo_generator/gconvfifo.rf/grf.rf/rstblk/grstd1.grs
t_full.rst_d1" (FF) removed.
  The signal
"Memory1/Memory_FiFo/U0/xst_fifo_generator/gconvfifo.rf/grf.rf/rstblk/grstd1.grs
t_full.rst_d1" is sourceless and has been removed.
   Sourceless block
"Memory1/Memory_FiFo/U0/xst_fifo_generator/gconvfifo.rf/grf.rf/rstblk/grstd1.grs
t_full.rst_d2" (FF) removed.
    The signal
"Memory1/Memory_FiFo/U0/xst_fifo_generator/gconvfifo.rf/grf.rf/rstblk/grstd1.grs
t_full.rst_d2" is sourceless and has been removed.
     Sourceless block
"Memory1/Memory_FiFo/U0/xst_fifo_generator/gconvfifo.rf/grf.rf/rstblk/grstd1.grs
t_full.rst_d3" (FF) removed.
      The signal
"Memory1/Memory_FiFo/U0/xst_fifo_generator/gconvfifo.rf/grf.rf/rstblk/grstd1.grs
t_full.rst_d3" is sourceless and has been removed.
       Sourceless block
"Memory1/Memory_FiFo/U0/xst_fifo_generator/gconvfifo.rf/grf.rf/rstblk/RST_FULL_G
EN" (FF) removed.
        The signal
"Memory1/Memory_FiFo/U0/xst_fifo_generator/gconvfifo.rf/grf.rf/rstblk/RST_FULL_G
EN" is sourceless and has been removed.
The signal
"Memory1/Memory_FiFo/U0/xst_fifo_generator/gconvfifo.rf/grf.rf/rstblk/rd_rst_asr
eg_GND_12_o_MUX_2_o" is sourceless and has been removed.
 Sourceless block
"Memory1/Memory_FiFo/U0/xst_fifo_generator/gconvfifo.rf/grf.rf/rstblk/rd_rst_asr
eg" (FF) removed.
  The signal
"Memory1/Memory_FiFo/U0/xst_fifo_generator/gconvfifo.rf/grf.rf/rstblk/rd_rst_asr
eg" is sourceless and has been removed.
   Sourceless block
"Memory1/Memory_FiFo/U0/xst_fifo_generator/gconvfifo.rf/grf.rf/rstblk/rd_rst_asr
eg_d1" (FF) removed.
    The signal
"Memory1/Memory_FiFo/U0/xst_fifo_generator/gconvfifo.rf/grf.rf/rstblk/rd_rst_asr
eg_d1" is sourceless and has been removed.
     Sourceless block
"Memory1/Memory_FiFo/U0/xst_fifo_generator/gconvfifo.rf/grf.rf/rstblk/rd_rst_asr
eg_d2" (FF) removed.
      The signal
"Memory1/Memory_FiFo/U0/xst_fifo_generator/gconvfifo.rf/grf.rf/rstblk/rd_rst_asr
eg_d2" is sourceless and has been removed.
       Sourceless block
"Memory1/Memory_FiFo/U0/xst_fifo_generator/gconvfifo.rf/grf.rf/rstblk/rd_rst_com
b1" (ROM) removed.
        The signal
"Memory1/Memory_FiFo/U0/xst_fifo_generator/gconvfifo.rf/grf.rf/rstblk/rd_rst_com
b" is sourceless and has been removed.
     Sourceless block
"Memory1/Memory_FiFo/U0/xst_fifo_generator/gconvfifo.rf/grf.rf/rstblk/Mmux_rd_rs
t_asreg_GND_12_o_MUX_2_o11" (ROM) removed.
The signal
"Memory1/Memory_FiFo/U0/xst_fifo_generator/gconvfifo.rf/grf.rf/rstblk/wr_rst_asr
eg_GND_12_o_MUX_1_o" is sourceless and has been removed.
 Sourceless block
"Memory1/Memory_FiFo/U0/xst_fifo_generator/gconvfifo.rf/grf.rf/rstblk/wr_rst_asr
eg" (FF) removed.
  The signal
"Memory1/Memory_FiFo/U0/xst_fifo_generator/gconvfifo.rf/grf.rf/rstblk/wr_rst_asr
eg" is sourceless and has been removed.
   Sourceless block
"Memory1/Memory_FiFo/U0/xst_fifo_generator/gconvfifo.rf/grf.rf/rstblk/wr_rst_asr
eg_d1" (FF) removed.
    The signal
"Memory1/Memory_FiFo/U0/xst_fifo_generator/gconvfifo.rf/grf.rf/rstblk/wr_rst_asr
eg_d1" is sourceless and has been removed.
     Sourceless block
"Memory1/Memory_FiFo/U0/xst_fifo_generator/gconvfifo.rf/grf.rf/rstblk/wr_rst_asr
eg_d2" (FF) removed.
      The signal
"Memory1/Memory_FiFo/U0/xst_fifo_generator/gconvfifo.rf/grf.rf/rstblk/wr_rst_asr
eg_d2" is sourceless and has been removed.
       Sourceless block
"Memory1/Memory_FiFo/U0/xst_fifo_generator/gconvfifo.rf/grf.rf/rstblk/wr_rst_com
b1" (ROM) removed.
        The signal
"Memory1/Memory_FiFo/U0/xst_fifo_generator/gconvfifo.rf/grf.rf/rstblk/wr_rst_com
b" is sourceless and has been removed.
     Sourceless block
"Memory1/Memory_FiFo/U0/xst_fifo_generator/gconvfifo.rf/grf.rf/rstblk/Mmux_wr_rs
t_asreg_GND_12_o_MUX_1_o11" (ROM) removed.
The signal
"Memory1/Memory_FiFo/U0/xst_fifo_generator/gconvfifo.rf/grf.rf/gntv_or_sync_fifo
.mem/gbm.gbmg.gbmga.ngecc.bmg/gnativebmg.native_blk_mem_gen/valid.cstr/DBITERR"
is sourceless and has been removed.

The trimmed logic reported below is either:
   1. part of a cycle
   2. part of disabled logic
   3. a side-effect of other trimmed logic

The signal "weight_8_IBUF" is unused and has been removed.
 Unused block "weight_8_IBUF" (BUF) removed.
  The signal "weight<8>" is unused and has been removed.
   Unused block "weight<8>" (PAD) removed.
The signal "weight_7_IBUF" is unused and has been removed.
 Unused block "weight_7_IBUF" (BUF) removed.
  The signal "weight<7>" is unused and has been removed.
   Unused block "weight<7>" (PAD) removed.
The signal "weight_6_IBUF" is unused and has been removed.
 Unused block "weight_6_IBUF" (BUF) removed.
  The signal "weight<6>" is unused and has been removed.
   Unused block "weight<6>" (PAD) removed.
The signal "weight_5_IBUF" is unused and has been removed.
 Unused block "weight_5_IBUF" (BUF) removed.
  The signal "weight<5>" is unused and has been removed.
   Unused block "weight<5>" (PAD) removed.
The signal "weight_4_IBUF" is unused and has been removed.
 Unused block "weight_4_IBUF" (BUF) removed.
  The signal "weight<4>" is unused and has been removed.
   Unused block "weight<4>" (PAD) removed.
The signal "weight_3_IBUF" is unused and has been removed.
 Unused block "weight_3_IBUF" (BUF) removed.
  The signal "weight<3>" is unused and has been removed.
   Unused block "weight<3>" (PAD) removed.
The signal "weight_2_IBUF" is unused and has been removed.
 Unused block "weight_2_IBUF" (BUF) removed.
  The signal "weight<2>" is unused and has been removed.
   Unused block "weight<2>" (PAD) removed.
The signal "weight_1_IBUF" is unused and has been removed.
 Unused block "weight_1_IBUF" (BUF) removed.
  The signal "weight<1>" is unused and has been removed.
   Unused block "weight<1>" (PAD) removed.
The signal "weight_0_IBUF" is unused and has been removed.
 Unused block "weight_0_IBUF" (BUF) removed.
  The signal "weight<0>" is unused and has been removed.
   Unused block "weight<0>" (PAD) removed.
The signal "Memory1/reset_inv" is unused and has been removed.
 Unused block "Memory1/reset_inv1_INV_0" (BUF) removed.
The signal "Memory1/write_data<0>" is unused and has been removed.
 Unused block "Memory1/write_data_0" (FF) removed.
The signal "Memory1/write_data<1>" is unused and has been removed.
 Unused block "Memory1/write_data_1" (FF) removed.
The signal "Memory1/write_data<2>" is unused and has been removed.
 Unused block "Memory1/write_data_2" (FF) removed.
The signal "Memory1/write_data<3>" is unused and has been removed.
 Unused block "Memory1/write_data_3" (FF) removed.
The signal "Memory1/write_data<4>" is unused and has been removed.
 Unused block "Memory1/write_data_4" (FF) removed.
The signal "Memory1/write_data<5>" is unused and has been removed.
 Unused block "Memory1/write_data_5" (FF) removed.
The signal "Memory1/write_data<6>" is unused and has been removed.
 Unused block "Memory1/write_data_6" (FF) removed.
The signal "Memory1/write_data<7>" is unused and has been removed.
 Unused block "Memory1/write_data_7" (FF) removed.
The signal "Memory1/write_data<8>" is unused and has been removed.
 Unused block "Memory1/write_data_8" (FF) removed.
Unused block
"Memory1/Memory_FiFo/U0/xst_fifo_generator/gconvfifo.rf/grf.rf/gntv_or_sync_fifo
.mem/gbm.gbmg.gbmga.ngecc.bmg/gnativebmg.native_blk_mem_gen/valid.cstr/XST_GND"
(ZERO) removed.
Unused block
"Memory1/Memory_FiFo/U0/xst_fifo_generator/gconvfifo.rf/grf.rf/gntv_or_sync_fifo
.mem/gbm.gbmg.gbmga.ngecc.bmg/gnativebmg.native_blk_mem_gen/valid.cstr/ramloop[0
].ram.r/v6_noinit.ram/SDP.SIMPLE_PRIM18.ram" (RAMB18E1) removed.
Unused block "Memory1/Memory_FiFo/XST_GND" (ZERO) removed.
Unused block "Memory1/Memory_FiFo/XST_VCC" (ONE) removed.

Optimized Block(s):
TYPE 		BLOCK
GND 		XST_GND
VCC 		XST_VCC

Section 6 - IOB Properties
--------------------------

+---------------------------------------------------------------------------------------------------------------------------------------------------------+
| IOB Name                           | Type             | Direction | IO Standard          | Diff  | Drive    | Slew | Reg (s)      | Resistor | IOB      |
|                                    |                  |           |                      | Term  | Strength | Rate |              |          | Delay    |
+---------------------------------------------------------------------------------------------------------------------------------------------------------+
| clk                                | IOB              | INPUT     | LVCMOS18             |       |          |      |              |          |          |
| currDir<0>                         | IOB              | OUTPUT    | LVCMOS18             |       | 12       | SLOW |              |          |          |
| currDir<1>                         | IOB              | OUTPUT    | LVCMOS18             |       | 12       | SLOW |              |          |          |
| currFloor<0>                       | IOB              | OUTPUT    | LVCMOS18             |       | 12       | SLOW |              |          |          |
| currFloor<1>                       | IOB              | OUTPUT    | LVCMOS18             |       | 12       | SLOW |              |          |          |
| currFloor<2>                       | IOB              | OUTPUT    | LVCMOS18             |       | 12       | SLOW |              |          |          |
| energy<0>                          | IOB              | OUTPUT    | LVCMOS18             |       | 12       | SLOW |              |          |          |
| energy<1>                          | IOB              | OUTPUT    | LVCMOS18             |       | 12       | SLOW |              |          |          |
| energy<2>                          | IOB              | OUTPUT    | LVCMOS18             |       | 12       | SLOW |              |          |          |
| energy<3>                          | IOB              | OUTPUT    | LVCMOS18             |       | 12       | SLOW |              |          |          |
| energy<4>                          | IOB              | OUTPUT    | LVCMOS18             |       | 12       | SLOW |              |          |          |
| energy<5>                          | IOB              | OUTPUT    | LVCMOS18             |       | 12       | SLOW |              |          |          |
| energy<6>                          | IOB              | OUTPUT    | LVCMOS18             |       | 12       | SLOW |              |          |          |
| energy<7>                          | IOB              | OUTPUT    | LVCMOS18             |       | 12       | SLOW |              |          |          |
| energy<8>                          | IOB              | OUTPUT    | LVCMOS18             |       | 12       | SLOW |              |          |          |
| energy<9>                          | IOB              | OUTPUT    | LVCMOS18             |       | 12       | SLOW |              |          |          |
| fireAlarm                          | IOB              | INPUT     | LVCMOS18             |       |          |      |              |          |          |
| motorDown                          | IOB              | OUTPUT    | LVCMOS18             |       | 12       | SLOW |              |          |          |
| motorUp                            | IOB              | OUTPUT    | LVCMOS18             |       | 12       | SLOW | OFF          |          |          |
| req<0>                             | IOB              | INPUT     | LVCMOS18             |       |          |      |              |          |          |
| req<1>                             | IOB              | INPUT     | LVCMOS18             |       |          |      |              |          |          |
| req<2>                             | IOB              | INPUT     | LVCMOS18             |       |          |      |              |          |          |
| req<3>                             | IOB              | INPUT     | LVCMOS18             |       |          |      |              |          |          |
| req<4>                             | IOB              | INPUT     | LVCMOS18             |       |          |      |              |          |          |
| req<5>                             | IOB              | INPUT     | LVCMOS18             |       |          |      |              |          |          |
| req<6>                             | IOB              | INPUT     | LVCMOS18             |       |          |      |              |          |          |
| req<7>                             | IOB              | INPUT     | LVCMOS18             |       |          |      |              |          |          |
| req<8>                             | IOB              | INPUT     | LVCMOS18             |       |          |      |              |          |          |
| req<9>                             | IOB              | INPUT     | LVCMOS18             |       |          |      |              |          |          |
| req<10>                            | IOB              | INPUT     | LVCMOS18             |       |          |      |              |          |          |
| req<11>                            | IOB              | INPUT     | LVCMOS18             |       |          |      |              |          |          |
| req<12>                            | IOB              | INPUT     | LVCMOS18             |       |          |      |              |          |          |
| reset                              | IOB              | INPUT     | LVCMOS18             |       |          |      |              |          |          |
+---------------------------------------------------------------------------------------------------------------------------------------------------------+

Section 7 - RPMs
----------------

Section 8 - Guide Report
------------------------
Guide not run on this design.

Section 9 - Area Group and Partition Summary
--------------------------------------------

Partition Implementation Status
-------------------------------

  No Partitions were found in this design.

-------------------------------

Area Group Information
----------------------

  No area groups were found in this design.

----------------------

Section 10 - Timing Report
--------------------------
A logic-level (pre-route) timing report can be generated by using Xilinx static
timing analysis tools, Timing Analyzer (GUI) or TRCE (command line), with the
mapped NCD and PCF files. Please note that this timing report will be generated
using estimated delay information. For accurate numbers, please generate a
timing report with the post Place and Route NCD file.

For more information about the Timing Analyzer, consult the Xilinx Timing
Analyzer Reference Manual; for more information about TRCE, consult the Xilinx
Command Line Tools User Guide "TRACE" chapter.

Section 11 - Configuration String Details
-----------------------------------------
Use the "-detail" map option to print out Configuration Strings

Section 12 - Control Set Information
------------------------------------
Use the "-detail" map option to print out Control Set Information.

Section 13 - Utilization by Hierarchy
-------------------------------------
Use the "-detail" map option to print out the Utilization by Hierarchy section.
