Release 14.7 - xst P.20131013 (nt64)
Copyright (c) 1995-2013 Xilinx, Inc.  All rights reserved.
--> Parameter TMPDIR set to xst/projnav.tmp


Total REAL time to Xst completion: 0.00 secs
Total CPU time to Xst completion: 0.15 secs
 
--> Parameter xsthdpdir set to xst


Total REAL time to Xst completion: 0.00 secs
Total CPU time to Xst completion: 0.15 secs
 
--> Reading design: main_controller.prj

TABLE OF CONTENTS
  1) Synthesis Options Summary
  2) HDL Parsing
  3) HDL Elaboration
  4) HDL Synthesis
       4.1) HDL Synthesis Report
  5) Advanced HDL Synthesis
       5.1) Advanced HDL Synthesis Report
  6) Low Level Synthesis
  7) Partition Report
  8) Design Summary
       8.1) Primitive and Black Box Usage
       8.2) Device utilization summary
       8.3) Partition Resource Summary
       8.4) Timing Report
            8.4.1) Clock Information
            8.4.2) Asynchronous Control Signals Information
            8.4.3) Timing Summary
            8.4.4) Timing Details
            8.4.5) Cross Clock Domains Report


=========================================================================
*                      Synthesis Options Summary                        *
=========================================================================
---- Source Parameters
Input File Name                    : "main_controller.prj"
Ignore Synthesis Constraint File   : NO

---- Target Parameters
Output File Name                   : "main_controller"
Output Format                      : NGC
Target Device                      : xa7a100t-2I-csg324

---- Source Options
Top Module Name                    : main_controller
Automatic FSM Extraction           : YES
FSM Encoding Algorithm             : Auto
Safe Implementation                : No
FSM Style                          : LUT
RAM Extraction                     : Yes
RAM Style                          : Auto
ROM Extraction                     : Yes
Shift Register Extraction          : YES
ROM Style                          : Auto
Resource Sharing                   : YES
Asynchronous To Synchronous        : NO
Shift Register Minimum Size        : 2
Use DSP Block                      : Auto
Automatic Register Balancing       : No

---- Target Options
LUT Combining                      : Auto
Reduce Control Sets                : Auto
Add IO Buffers                     : YES
Global Maximum Fanout              : 100000
Add Generic Clock Buffer(BUFG)     : 32
Register Duplication               : YES
Optimize Instantiated Primitives   : NO
Use Clock Enable                   : Auto
Use Synchronous Set                : Auto
Use Synchronous Reset              : Auto
Pack IO Registers into IOBs        : Auto
Equivalent register Removal        : YES

---- General Options
Optimization Goal                  : Speed
Optimization Effort                : 1
Power Reduction                    : NO
Keep Hierarchy                     : No
Netlist Hierarchy                  : As_Optimized
RTL Output                         : Yes
Global Optimization                : AllClockNets
Read Cores                         : YES
Write Timing Constraints           : NO
Cross Clock Analysis               : NO
Hierarchy Separator                : /
Bus Delimiter                      : <>
Case Specifier                     : Maintain
Slice Utilization Ratio            : 100
BRAM Utilization Ratio             : 100
DSP48 Utilization Ratio            : 100
Auto BRAM Packing                  : NO
Slice Utilization Ratio Delta      : 5

---- Other Options
Cores Search Directories           : {"ipcore_dir"  }

=========================================================================


=========================================================================
*                          HDL Parsing                                  *
=========================================================================
Parsing VHDL file "C:\data\PROJECT\ipcore_dir\FIFO.vhd" into library work
Parsing entity <FIFO>.
Parsing architecture <FIFO_a> of entity <fifo>.
Parsing VHDL file "C:\data\PROJECT\motor_controller.vhd" into library work
Parsing entity <motor_controller>.
Parsing architecture <Behavioral> of entity <motor_controller>.
Parsing VHDL file "C:\data\PROJECT\Memory.vhd" into library work
Parsing entity <Memory>.
Parsing architecture <Behavioral> of entity <memory>.
Parsing VHDL file "C:\data\PROJECT\FTG.vhd" into library work
Parsing entity <FTG>.
Parsing architecture <Behavioral> of entity <ftg>.
Parsing VHDL file "C:\data\PROJECT\Door_controller.vhd" into library work
Parsing entity <Door_controller>.
Parsing architecture <Behavioral> of entity <door_controller>.
Parsing VHDL file "C:\data\PROJECT\main_controller.vhd" into library work
Parsing entity <main_controller>.
Parsing architecture <Behavioral> of entity <main_controller>.

=========================================================================
*                            HDL Elaboration                            *
=========================================================================

Elaborating entity <main_controller> (architecture <Behavioral>) from library <work>.

Elaborating entity <motor_controller> (architecture <Behavioral>) from library <work>.

Elaborating entity <Door_controller> (architecture <Behavioral>) from library <work>.
ERROR:HDLCompiler:76 - "C:\data\PROJECT\Door_controller.vhd" Line 51: statement is not synthesizable since it does not hold its value under NOT(clock-edge) condition
WARNING:HDLCompiler:1127 - "C:\data\PROJECT\Door_controller.vhd" Line 45: Assignment to is_open ignored, since the identifier is never used
Netlist Door_controller(Behavioral) remains a blackbox, due to errors in its contents

Elaborating entity <Memory> (architecture <Behavioral>) from library <work>.

Elaborating entity <FIFO> (architecture <FIFO_a>) from library <work>.
ERROR:HDLCompiler:236 - "C:\data\PROJECT\Memory.vhd" Line 88: Attribute event on multiple bits is not synthesizable
Netlist Memory(Behavioral) remains a blackbox, due to errors in its contents

Elaborating entity <FTG> (architecture <Behavioral>) from library <work>.
WARNING:HDLCompiler:92 - "C:\data\PROJECT\FTG.vhd" Line 63: currfloor should be on the sensitivity list of the process
ERROR:HDLCompiler:564 - "C:\data\PROJECT\FTG.vhd" Line 96: Left range bound is not constant
Netlist FTG(Behavioral) remains a blackbox, due to errors in its contents
WARNING:HDLCompiler:1127 - "C:\data\PROJECT\main_controller.vhd" Line 263: Assignment to done1 ignored, since the identifier is never used
--> 

Total memory usage is 239536 kilobytes

Number of errors   :    3 (   0 filtered)
Number of warnings :    3 (   0 filtered)
Number of infos    :    0 (   0 filtered)

