INFO:sim:172 - Generating IP...
Resolving generics for 'FIFO'...
Applying external generics to 'FIFO'...
Delivering associated files for 'FIFO'...
Delivering EJava files for 'FIFO'...
Generating implementation netlist for 'FIFO'...
INFO:sim - Pre-processing HDL files for 'FIFO'...
WARNING:sim - BlackBox generator run option '-ifmt' found multiple times. Only
   the first occurence is considered.
Running synthesis for 'FIFO'
Running ngcbuild...
Writing VHO instantiation template for 'FIFO'...
Writing VHDL behavioral simulation model for 'FIFO'...
WARNING:sim - Overwriting existing file
   C:/data/PROJECT/ipcore_dir/tmp/_cg/FIFO/doc/fifo_generator_v9_3_vinfo.html
   with file from view xilinx_documentation
Delivered 3 files into directory C:/data/PROJECT/ipcore_dir/tmp/_cg/FIFO
Delivered 1 file into directory C:/data/PROJECT/ipcore_dir/tmp/_cg/FIFO
Generating ASY schematic symbol...
INFO:sim:949 - Finished generation of ASY schematic symbol.
Generating SYM schematic symbol for 'FIFO'...
Generating metadata file...
Generating ISE project file for 'FIFO'...
Generating ISE project...
XCO file found: FIFO.xco
XMDF file found: FIFO_xmdf.tcl
Adding C:/data/PROJECT/ipcore_dir/tmp/_cg/FIFO.asy -view all -origin_type
imported
Adding C:/data/PROJECT/ipcore_dir/tmp/_cg/FIFO.ngc -view all -origin_type
created
Checking file "C:/data/PROJECT/ipcore_dir/tmp/_cg/FIFO.ngc" for project device
match ...
File "C:/data/PROJECT/ipcore_dir/tmp/_cg/FIFO.ngc" device information matches
project device.
Adding C:/data/PROJECT/ipcore_dir/tmp/_cg/FIFO.sym -view all -origin_type
imported
Adding C:/data/PROJECT/ipcore_dir/tmp/_cg/FIFO.vhd -view all -origin_type
created
INFO:HDLCompiler:1061 - Parsing VHDL file
   "C:/data/PROJECT/ipcore_dir/tmp/_cg/FIFO.vhd" into library work
INFO:ProjectMgmt - Parsing design hierarchy completed successfully.
Adding C:/data/PROJECT/ipcore_dir/tmp/_cg/FIFO.vho -view all -origin_type
imported
INFO:TclTasksC:2116 - The automatic calculation of top has been turned-off.
   Please set the new top explicitly by running the "project set top" command.
   To re-calculate the new top automatically, set the "Auto Implementation Top"
   property to true.
Top level has been set to "/FIFO"
Generating README file...
Generating FLIST file...
INFO:sim:948 - Finished FLIST file generation.
Launching README viewer...
Moving files to output directory...
Finished moving files to output directory
Wrote CGP file for project 'FIFO'.
